Log file open, 01/31/20 18:38:39
LogWindows: Failed to load 'aqProf.dll' (GetLastError=126)
LogWindows: File 'aqProf.dll' does not exist
LogWindows: Failed to load 'VtuneApi.dll' (GetLastError=126)
LogWindows: File 'VtuneApi.dll' does not exist
LogWindows: Failed to load 'VtuneApi32e.dll' (GetLastError=126)
LogWindows: File 'VtuneApi32e.dll' does not exist
LogConsoleResponse: Display: Failed to find resolution value strings in scalability ini. Falling back to default.
LogInit: Display: Running engine for game: MyProject
LogPlatformFile: Not using cached read wrapper
LogTaskGraph: Started task graph with 5 named threads and 83 total threads with 3 sets of task threads.
LogStats: Stats thread started at 0.262250
LogD3D11RHI: Loaded GFSDK_Aftermath_Lib.x64.dll
LogICUInternationalization: ICU TimeZone Detection - Raw Offset: -5:00, Platform Override: ''
LogPluginManager: Mounting plugin Paper2D
LogPluginManager: Mounting plugin AISupport
LogPluginManager: Mounting plugin LightPropagationVolume
LogPluginManager: Mounting plugin ActorLayerUtilities
LogPluginManager: Mounting plugin AnimationSharing
LogPluginManager: Mounting plugin CLionSourceCodeAccess
LogPluginManager: Mounting plugin CodeLiteSourceCodeAccess
LogPluginManager: Mounting plugin GitSourceControl
LogPluginManager: Mounting plugin KDevelopSourceCodeAccess
LogPluginManager: Mounting plugin NullSourceCodeAccess
LogPluginManager: Mounting plugin PerforceSourceControl
LogPluginManager: Mounting plugin SubversionSourceControl
LogPluginManager: Mounting plugin UObjectPlugin
LogPluginManager: Mounting plugin VisualStudioCodeSourceCodeAccess
LogPluginManager: Mounting plugin VisualStudioSourceCodeAccess
LogPluginManager: Mounting plugin XCodeSourceCodeAccess
LogPluginManager: Mounting plugin AssetManagerEditor
LogPluginManager: Mounting plugin CryptoKeys
LogPluginManager: Mounting plugin CurveEditorTools
LogPluginManager: Mounting plugin DataValidation
LogPluginManager: Mounting plugin FacialAnimation
LogPluginManager: Mounting plugin GameplayTagsEditor
LogPluginManager: Mounting plugin MacGraphicsSwitching
LogPluginManager: Mounting plugin MaterialAnalyzer
LogPluginManager: Mounting plugin MobileLauncherProfileWizard
LogPluginManager: Mounting plugin PluginBrowser
LogPluginManager: Mounting plugin SpeedTreeImporter
LogPluginManager: Mounting plugin DatasmithContent
LogPluginManager: Mounting plugin VariantManagerContent
LogPluginManager: Mounting plugin AlembicImporter
LogPluginManager: Mounting plugin AutomationUtils
LogPluginManager: Mounting plugin BackChannel
LogPluginManager: Mounting plugin CharacterAI
LogPluginManager: Mounting plugin GeometryCache
LogPluginManager: Mounting plugin HTML5Networking
LogPluginManager: Mounting plugin PlatformCrypto
LogPluginManager: Mounting plugin ProxyLODPlugin
LogPluginManager: Mounting plugin SkeletalReduction
LogPluginManager: Mounting plugin MagicLeap
LogPluginManager: Mounting plugin MagicLeapMedia
LogPluginManager: Mounting plugin AndroidMedia
LogPluginManager: Mounting plugin AvfMedia
LogPluginManager: Mounting plugin ImgMedia
LogPluginManager: Mounting plugin MediaCompositing
LogPluginManager: Mounting plugin MediaPlayerEditor
LogPluginManager: Mounting plugin WebMMedia
LogPluginManager: Mounting plugin WmfMedia
LogPluginManager: Mounting plugin TcpMessaging
LogPluginManager: Mounting plugin UdpMessaging
LogPluginManager: Mounting plugin ActorSequence
LogPluginManager: Mounting plugin LevelSequenceEditor
LogPluginManager: Mounting plugin MatineeToLevelSequence
LogPluginManager: Mounting plugin NetcodeUnitTest
LogPluginManager: Mounting plugin NUTUnrealEngine4
LogPluginManager: Mounting plugin OnlineSubsystemGooglePlay
LogPluginManager: Mounting plugin OnlineSubsystemIOS
LogPluginManager: Mounting plugin OnlineSubsystem
LogPluginManager: Mounting plugin OnlineSubsystemNull
LogPluginManager: Mounting plugin OnlineSubsystemUtils
LogPluginManager: Mounting plugin LauncherChunkInstaller
LogPluginManager: Mounting plugin AndroidDeviceProfileSelector
LogPluginManager: Mounting plugin AndroidMoviePlayer
LogPluginManager: Mounting plugin AndroidPermission
LogPluginManager: Mounting plugin AppleImageUtils
LogPluginManager: Mounting plugin AppleMoviePlayer
LogPluginManager: Mounting plugin ArchVisCharacter
LogPluginManager: Mounting plugin AudioCapture
LogPluginManager: Mounting plugin CableComponent
LogPluginManager: Mounting plugin CustomMeshComponent
LogPluginManager: Mounting plugin EditableMesh
LogPluginManager: Mounting plugin ExampleDeviceProfileSelector
LogPluginManager: Mounting plugin GoogleCloudMessaging
LogPluginManager: Mounting plugin HoudiniEngine
LogPluginManager: Mounting plugin IOSDeviceProfileSelector
LogPluginManager: Mounting plugin LinuxDeviceProfileSelector
LogPluginManager: Mounting plugin LocationServicesBPLibrary
LogPluginManager: Mounting plugin MobilePatchingUtils
LogPluginManager: Mounting plugin OculusVR
LogPluginManager: Mounting plugin PhysXVehicles
LogPluginManager: Mounting plugin ProceduralMeshComponent
LogPluginManager: Mounting plugin RuntimePhysXCooking
LogPluginManager: Mounting plugin SignificanceManager
LogPluginManager: Mounting plugin SteamVR
LogPluginManager: Mounting plugin WebMMoviePlayer
LogPluginManager: Mounting plugin WindowsMoviePlayer
LogPluginManager: Mounting plugin ScreenshotTools
LogInit: Using libcurl 7.55.1-DEV
LogInit:  - built for x86_64-pc-win32
LogInit:  - supports SSL with OpenSSL/1.1.1
LogInit:  - supports HTTP deflate (compression) using libz 1.2.8
LogInit:  - other features:
LogInit:      CURL_VERSION_SSL
LogInit:      CURL_VERSION_LIBZ
LogInit:      CURL_VERSION_IPV6
LogInit:      CURL_VERSION_ASYNCHDNS
LogInit:      CURL_VERSION_LARGEFILE
LogInit:      CURL_VERSION_IDN
LogInit:  CurlRequestOptions (configurable via config and command line):
LogInit:  - bVerifyPeer = true  - Libcurl will verify peer certificate
LogInit:  - bUseHttpProxy = false  - Libcurl will NOT use HTTP proxy
LogInit:  - bDontReuseConnections = false  - Libcurl will reuse connections
LogInit:  - MaxHostConnections = 16  - Libcurl will limit the number of connections to a host
LogInit:  - LocalHostAddr = Default
LogInit:  - BufferSize = 65536
LogOnline: OSS: Creating online subsystem instance for: NULL
LogInit: WinSock: version 1.1 (2.2), MaxSocks=32767, MaxUdp=65467
LogInit: Build: ++UE4+Release-4.23-CL-9631420
LogInit: Engine Version: 4.23.1-9631420+++UE4+Release-4.23
LogInit: Compatible Engine Version: 4.23.0-8386587+++UE4+Release-4.23
LogInit: Net CL: 8386587
LogInit: OS: Windows 10 (Release 1809) (), CPU: Intel(R) Xeon(R) CPU E5-2620 v4 @ 2.10GHz, GPU: NVIDIA GeForce GTX 1080
LogInit: Compiled (64-bit): Oct 18 2019 02:07:44
LogInit: Compiled with Visual C++: 19.16.27030.01
LogInit: Build Configuration: Development
LogInit: Branch Name: ++UE4+Release-4.23
LogInit: Command Line: 
LogInit: Base Directory: C:/Program Files/Epic Games/UE_4.23/Engine/Binaries/Win64/
LogInit: Installed Engine Build: 1
LogDevObjectVersion: Number of dev versions registered: 23
LogDevObjectVersion:   Dev-Blueprints (B0D832E4-1F89-4F0D-ACCF-7EB736FD4AA2): 10
LogDevObjectVersion:   Dev-Build (E1C64328-A22C-4D53-A36C-8E866417BD8C): 0
LogDevObjectVersion:   Dev-Core (375EC13C-06E4-48FB-B500-84F0262A717E): 3
LogDevObjectVersion:   Dev-Editor (E4B068ED-F494-42E9-A231-DA0B2E46BB41): 34
LogDevObjectVersion:   Dev-Framework (CFFC743F-43B0-4480-9391-14DF171D2073): 35
LogDevObjectVersion:   Dev-Mobile (B02B49B5-BB20-44E9-A304-32B752E40360): 2
LogDevObjectVersion:   Dev-Networking (A4E4105C-59A1-49B5-A7C5-40C4547EDFEE): 0
LogDevObjectVersion:   Dev-Online (39C831C9-5AE6-47DC-9A44-9C173E1C8E7C): 0
LogDevObjectVersion:   Dev-Physics (78F01B33-EBEA-4F98-B9B4-84EACCB95AA2): 0
LogDevObjectVersion:   Dev-Platform (6631380F-2D4D-43E0-8009-CF276956A95A): 0
LogDevObjectVersion:   Dev-Rendering (12F88B9F-8875-4AFC-A67C-D90C383ABD29): 31
LogDevObjectVersion:   Dev-Sequencer (7B5AE74C-D270-4C10-A958-57980B212A5A): 11
LogDevObjectVersion:   Dev-VR (D7296918-1DD6-4BDD-9DE2-64A83CC13884): 2
LogDevObjectVersion:   Dev-LoadTimes (C2A15278-BFE7-4AFE-6C17-90FF531DF755): 1
LogDevObjectVersion:   Private-Geometry (6EACA3D4-40EC-4CC1-B786-8BED09428FC5): 3
LogDevObjectVersion:   Dev-AnimPhys (29E575DD-E0A3-4627-9D10-D276232CDCEA): 17
LogDevObjectVersion:   Dev-Anim (AF43A65D-7FD3-4947-9873-3E8ED9C1BB05): 2
LogDevObjectVersion:   Dev-ReflectionCapture (6B266CEC-1EC7-4B8F-A30B-E4D90942FC07): 1
LogDevObjectVersion:   Dev-Automation (0DF73D61-A23F-47EA-B727-89E90C41499A): 1
LogDevObjectVersion:   FortniteMain (601D1886-AC64-4F84-AA16-D3DE0DEAC7D6): 27
LogDevObjectVersion:   Dev-Enterprise (9DFFBCD6-494F-0158-E221-12823C92A888): 6
LogDevObjectVersion:   Dev-Niagara (F2AED0AC-9AFE-416F-8664-AA7FFA26D6FC): 1
LogDevObjectVersion:   Dev-Destruction (174F1F0B-B4C6-45A5-B13F-2EE8D0FB917D): 9
LogInit: Presizing for max 16777216 objects, including 0 objects not considered by GC, pre-allocating 0 bytes for permanent pool.
LogInit: Object subsystem initialized
LogConfig: Setting CVar [[con.DebugEarlyDefault:1]]
LogConfig: Setting CVar [[r.setres:1280x720]]
[2020.01.31-23.38.39:949][  0]LogConfig: Setting CVar [[r.VSync:0]]
[2020.01.31-23.38.39:949][  0]LogConfig: Setting CVar [[r.RHICmdBypass:0]]
[2020.01.31-23.38.39:949][  0]LogConfig: Applying CVar settings from Section [/Script/Engine.RendererSettings] File [G:/JustForMe/Grappling Hook/MyProject/Saved/Config/Windows/Engine.ini]
[2020.01.31-23.38.39:949][  0]LogConfig: Setting CVar [[r.GPUCrashDebugging:0]]
[2020.01.31-23.38.39:949][  0]LogConfig: Applying CVar settings from Section [/Script/Engine.RendererOverrideSettings] File [G:/JustForMe/Grappling Hook/MyProject/Saved/Config/Windows/Engine.ini]
[2020.01.31-23.38.39:949][  0]LogConfig: Applying CVar settings from Section [/Script/Engine.StreamingSettings] File [G:/JustForMe/Grappling Hook/MyProject/Saved/Config/Windows/Engine.ini]
[2020.01.31-23.38.39:949][  0]LogConfig: Setting CVar [[s.MinBulkDataSizeForAsyncLoading:131072]]
[2020.01.31-23.38.39:949][  0]LogConfig: Setting CVar [[s.AsyncLoadingThreadEnabled:0]]
[2020.01.31-23.38.39:949][  0]LogConfig: Setting CVar [[s.EventDrivenLoaderEnabled:1]]
[2020.01.31-23.38.39:949][  0]LogConfig: Setting CVar [[s.WarnIfTimeLimitExceeded:0]]
[2020.01.31-23.38.39:949][  0]LogConfig: Setting CVar [[s.TimeLimitExceededMultiplier:1.5]]
[2020.01.31-23.38.39:949][  0]LogConfig: Setting CVar [[s.TimeLimitExceededMinTime:0.005]]
[2020.01.31-23.38.39:949][  0]LogConfig: Setting CVar [[s.UseBackgroundLevelStreaming:1]]
[2020.01.31-23.38.39:949][  0]LogConfig: Setting CVar [[s.PriorityAsyncLoadingExtraTime:15.0]]
[2020.01.31-23.38.39:949][  0]LogConfig: Setting CVar [[s.LevelStreamingActorsUpdateTimeLimit:5.0]]
[2020.01.31-23.38.39:949][  0]LogConfig: Setting CVar [[s.PriorityLevelStreamingActorsUpdateExtraTime:5.0]]
[2020.01.31-23.38.39:949][  0]LogConfig: Setting CVar [[s.LevelStreamingComponentsRegistrationGranularity:10]]
[2020.01.31-23.38.39:949][  0]LogConfig: Setting CVar [[s.UnregisterComponentsTimeLimit:1.0]]
[2020.01.31-23.38.39:949][  0]LogConfig: Setting CVar [[s.LevelStreamingComponentsUnregistrationGranularity:5]]
[2020.01.31-23.38.39:949][  0]LogConfig: Applying CVar settings from Section [/Script/Engine.GarbageCollectionSettings] File [G:/JustForMe/Grappling Hook/MyProject/Saved/Config/Windows/Engine.ini]
[2020.01.31-23.38.39:949][  0]LogConfig: Setting CVar [[gc.MaxObjectsNotConsideredByGC:1]]
[2020.01.31-23.38.39:949][  0]LogConfig: Setting CVar [[gc.SizeOfPermanentObjectPool:0]]
[2020.01.31-23.38.39:949][  0]LogConfig: Setting CVar [[gc.FlushStreamingOnGC:0]]
[2020.01.31-23.38.39:949][  0]LogConfig: Setting CVar [[gc.NumRetriesBeforeForcingGC:10]]
[2020.01.31-23.38.39:949][  0]LogConfig: Setting CVar [[gc.AllowParallelGC:1]]
[2020.01.31-23.38.39:949][  0]LogConfig: Setting CVar [[gc.TimeBetweenPurgingPendingKillObjects:61.1]]
[2020.01.31-23.38.39:949][  0]LogConfig: Setting CVar [[gc.MaxObjectsInEditor:16777216]]
[2020.01.31-23.38.39:949][  0]LogConfig: Setting CVar [[gc.IncrementalBeginDestroyEnabled:1]]
[2020.01.31-23.38.39:949][  0]LogConfig: Setting CVar [[gc.CreateGCClusters:1]]
[2020.01.31-23.38.39:949][  0]LogConfig: Setting CVar [[gc.MinGCClusterSize:5]]
[2020.01.31-23.38.39:949][  0]LogConfig: Setting CVar [[gc.ActorClusteringEnabled:0]]
[2020.01.31-23.38.39:949][  0]LogConfig: Setting CVar [[gc.BlueprintClusteringEnabled:0]]
[2020.01.31-23.38.39:949][  0]LogConfig: Setting CVar [[gc.UseDisregardForGCOnDedicatedServers:0]]
[2020.01.31-23.38.39:949][  0]LogConfig: Applying CVar settings from Section [/Script/Engine.NetworkSettings] File [G:/JustForMe/Grappling Hook/MyProject/Saved/Config/Windows/Engine.ini]
[2020.01.31-23.38.39:950][  0]LogConfig: Applying CVar settings from Section [/Script/UnrealEd.CookerSettings] File [G:/JustForMe/Grappling Hook/MyProject/Saved/Config/Windows/Engine.ini]
[2020.01.31-23.38.39:957][  0]LogConfig: Applying CVar settings from Section [ViewDistanceQuality@3] File [G:/JustForMe/Grappling Hook/MyProject/Saved/Config/Windows/Scalability.ini]
[2020.01.31-23.38.39:957][  0]LogConfig: Setting CVar [[r.SkeletalMeshLODBias:0]]
[2020.01.31-23.38.39:957][  0]LogConfig: Setting CVar [[r.ViewDistanceScale:1.0]]
[2020.01.31-23.38.39:957][  0]LogConfig: Applying CVar settings from Section [AntiAliasingQuality@3] File [G:/JustForMe/Grappling Hook/MyProject/Saved/Config/Windows/Scalability.ini]
[2020.01.31-23.38.39:957][  0]LogConfig: Setting CVar [[r.PostProcessAAQuality:4]]
[2020.01.31-23.38.39:957][  0]LogConfig: Applying CVar settings from Section [ShadowQuality@3] File [G:/JustForMe/Grappling Hook/MyProject/Saved/Config/Windows/Scalability.ini]
[2020.01.31-23.38.39:957][  0]LogConfig: Setting CVar [[r.LightFunctionQuality:1]]
[2020.01.31-23.38.39:957][  0]LogConfig: Setting CVar [[r.ShadowQuality:5]]
[2020.01.31-23.38.39:957][  0]LogConfig: Setting CVar [[r.Shadow.CSM.MaxCascades:10]]
[2020.01.31-23.38.39:957][  0]LogConfig: Setting CVar [[r.Shadow.MaxResolution:2048]]
[2020.01.31-23.38.39:957][  0]LogConfig: Setting CVar [[r.Shadow.MaxCSMResolution:2048]]
[2020.01.31-23.38.39:957][  0]LogConfig: Setting CVar [[r.Shadow.RadiusThreshold:0.01]]
[2020.01.31-23.38.39:957][  0]LogConfig: Setting CVar [[r.Shadow.DistanceScale:1.0]]
[2020.01.31-23.38.39:957][  0]LogConfig: Setting CVar [[r.Shadow.CSM.TransitionScale:1.0]]
[2020.01.31-23.38.39:957][  0]LogConfig: Setting CVar [[r.Shadow.PreShadowResolutionFactor:1.0]]
[2020.01.31-23.38.39:957][  0]LogConfig: Setting CVar [[r.DistanceFieldShadowing:1]]
[2020.01.31-23.38.39:957][  0]LogConfig: Setting CVar [[r.DistanceFieldAO:1]]
[2020.01.31-23.38.39:957][  0]LogConfig: Setting CVar [[r.AOQuality:2]]
[2020.01.31-23.38.39:957][  0]LogConfig: Setting CVar [[r.VolumetricFog:1]]
[2020.01.31-23.38.39:957][  0]LogConfig: Setting CVar [[r.VolumetricFog.GridPixelSize:8]]
[2020.01.31-23.38.39:957][  0]LogConfig: Setting CVar [[r.VolumetricFog.GridSizeZ:128]]
[2020.01.31-23.38.39:957][  0]LogConfig: Setting CVar [[r.VolumetricFog.HistoryMissSupersampleCount:4]]
[2020.01.31-23.38.39:957][  0]LogConfig: Setting CVar [[r.LightMaxDrawDistanceScale:1]]
[2020.01.31-23.38.39:957][  0]LogConfig: Setting CVar [[r.CapsuleShadows:1]]
[2020.01.31-23.38.39:957][  0]LogConfig: Applying CVar settings from Section [PostProcessQuality@3] File [G:/JustForMe/Grappling Hook/MyProject/Saved/Config/Windows/Scalability.ini]
[2020.01.31-23.38.39:957][  0]LogConfig: Setting CVar [[r.MotionBlurQuality:4]]
[2020.01.31-23.38.39:957][  0]LogConfig: Setting CVar [[r.AmbientOcclusionMipLevelFactor:0.4]]
[2020.01.31-23.38.39:957][  0]LogConfig: Setting CVar [[r.AmbientOcclusionMaxQuality:100]]
[2020.01.31-23.38.39:957][  0]LogConfig: Setting CVar [[r.AmbientOcclusionLevels:-1]]
[2020.01.31-23.38.39:957][  0]LogConfig: Setting CVar [[r.AmbientOcclusionRadiusScale:1.0]]
[2020.01.31-23.38.39:957][  0]LogConfig: Setting CVar [[r.DepthOfFieldQuality:2]]
[2020.01.31-23.38.39:957][  0]LogConfig: Setting CVar [[r.RenderTargetPoolMin:400]]
[2020.01.31-23.38.39:957][  0]LogConfig: Setting CVar [[r.LensFlareQuality:2]]
[2020.01.31-23.38.39:957][  0]LogConfig: Setting CVar [[r.SceneColorFringeQuality:1]]
[2020.01.31-23.38.39:957][  0]LogConfig: Setting CVar [[r.EyeAdaptationQuality:2]]
[2020.01.31-23.38.39:957][  0]LogConfig: Setting CVar [[r.BloomQuality:5]]
[2020.01.31-23.38.39:957][  0]LogConfig: Setting CVar [[r.FastBlurThreshold:100]]
[2020.01.31-23.38.39:957][  0]LogConfig: Setting CVar [[r.Upscale.Quality:3]]
[2020.01.31-23.38.39:957][  0]LogConfig: Setting CVar [[r.Tonemapper.GrainQuantization:1]]
[2020.01.31-23.38.39:957][  0]LogConfig: Setting CVar [[r.LightShaftQuality:1]]
[2020.01.31-23.38.39:957][  0]LogConfig: Setting CVar [[r.Filter.SizeScale:1]]
[2020.01.31-23.38.39:957][  0]LogConfig: Setting CVar [[r.Tonemapper.Quality:5]]
[2020.01.31-23.38.39:958][  0]LogConfig: Setting CVar [[r.DOF.Gather.AccumulatorQuality:1        ; higher gathering accumulator quality]]
[2020.01.31-23.38.39:958][  0]LogConfig: Setting CVar [[r.DOF.Gather.PostfilterMethod:1          ; Median3x3 postfilering method]]
[2020.01.31-23.38.39:958][  0]LogConfig: Setting CVar [[r.DOF.Gather.EnableBokehSettings:0       ; no bokeh simulation when gathering]]
[2020.01.31-23.38.39:958][  0]LogConfig: Setting CVar [[r.DOF.Gather.RingCount:4                 ; medium number of samples when gathering]]
[2020.01.31-23.38.39:958][  0]LogConfig: Setting CVar [[r.DOF.Scatter.ForegroundCompositing:1    ; additive foreground scattering]]
[2020.01.31-23.38.39:958][  0]LogConfig: Setting CVar [[r.DOF.Scatter.BackgroundCompositing:2    ; additive background scattering]]
[2020.01.31-23.38.39:958][  0]LogConfig: Setting CVar [[r.DOF.Scatter.EnableBokehSettings:1      ; bokeh simulation when scattering]]
[2020.01.31-23.38.39:958][  0]LogConfig: Setting CVar [[r.DOF.Scatter.MaxSpriteRatio:0.1         ; only a maximum of 10% of scattered bokeh]]
[2020.01.31-23.38.39:958][  0]LogConfig: Setting CVar [[r.DOF.Recombine.Quality:1                ; cheap slight out of focus]]
[2020.01.31-23.38.39:958][  0]LogConfig: Setting CVar [[r.DOF.Recombine.EnableBokehSettings:0    ; no bokeh simulation on slight out of focus]]
[2020.01.31-23.38.39:958][  0]LogConfig: Setting CVar [[r.DOF.TemporalAAQuality:1                ; more stable temporal accumulation]]
[2020.01.31-23.38.39:958][  0]LogConfig: Setting CVar [[r.DOF.Kernel.MaxForegroundRadius:0.025]]
[2020.01.31-23.38.39:958][  0]LogConfig: Setting CVar [[r.DOF.Kernel.MaxBackgroundRadius:0.025]]
[2020.01.31-23.38.39:958][  0]LogConfig: Applying CVar settings from Section [TextureQuality@3] File [G:/JustForMe/Grappling Hook/MyProject/Saved/Config/Windows/Scalability.ini]
[2020.01.31-23.38.39:958][  0]LogConfig: Setting CVar [[r.Streaming.MipBias:0]]
[2020.01.31-23.38.39:958][  0]LogConfig: Setting CVar [[r.Streaming.AmortizeCPUToGPUCopy:0]]
[2020.01.31-23.38.39:958][  0]LogConfig: Setting CVar [[r.Streaming.MaxNumTexturesToStreamPerFrame:0]]
[2020.01.31-23.38.39:958][  0]LogConfig: Setting CVar [[r.Streaming.Boost:1]]
[2020.01.31-23.38.39:958][  0]LogConfig: Setting CVar [[r.MaxAnisotropy:8]]
[2020.01.31-23.38.39:958][  0]LogConfig: Setting CVar [[r.Streaming.LimitPoolSizeToVRAM:0]]
[2020.01.31-23.38.39:958][  0]LogConfig: Setting CVar [[r.Streaming.PoolSize:1000]]
[2020.01.31-23.38.39:958][  0]LogConfig: Setting CVar [[r.Streaming.MaxEffectiveScreenSize:0]]
[2020.01.31-23.38.39:958][  0]LogConfig: Applying CVar settings from Section [EffectsQuality@3] File [G:/JustForMe/Grappling Hook/MyProject/Saved/Config/Windows/Scalability.ini]
[2020.01.31-23.38.39:958][  0]LogConfig: Setting CVar [[r.TranslucencyLightingVolumeDim:64]]
[2020.01.31-23.38.39:958][  0]LogConfig: Setting CVar [[r.RefractionQuality:2]]
[2020.01.31-23.38.39:958][  0]LogConfig: Setting CVar [[r.SSR.Quality:3]]
[2020.01.31-23.38.39:958][  0]LogConfig: Setting CVar [[r.SceneColorFormat:4]]
[2020.01.31-23.38.39:958][  0]LogConfig: Setting CVar [[r.DetailMode:2]]
[2020.01.31-23.38.39:958][  0]LogConfig: Setting CVar [[r.TranslucencyVolumeBlur:1]]
[2020.01.31-23.38.39:958][  0]LogConfig: Setting CVar [[r.MaterialQualityLevel:1 ; High quality]]
[2020.01.31-23.38.39:958][  0]LogConfig: Setting CVar [[r.SSS.Scale:1]]
[2020.01.31-23.38.39:958][  0]LogConfig: Setting CVar [[r.SSS.SampleSet:2]]
[2020.01.31-23.38.39:958][  0]LogConfig: Setting CVar [[r.SSS.Quality:1]]
[2020.01.31-23.38.39:958][  0]LogConfig: Setting CVar [[r.SSS.HalfRes:1]]
[2020.01.31-23.38.39:958][  0]LogConfig: Setting CVar [[r.EmitterSpawnRateScale:1.0]]
[2020.01.31-23.38.39:958][  0]LogConfig: Setting CVar [[r.ParticleLightQuality:2]]
[2020.01.31-23.38.39:958][  0]LogConfig: Applying CVar settings from Section [FoliageQuality@3] File [G:/JustForMe/Grappling Hook/MyProject/Saved/Config/Windows/Scalability.ini]
[2020.01.31-23.38.39:958][  0]LogConfig: Setting CVar [[foliage.DensityScale:1.0]]
[2020.01.31-23.38.39:958][  0]LogConfig: Setting CVar [[grass.DensityScale:1.0]]
[2020.01.31-23.38.39:958][  0]LogInit: Selected Device Profile: [Windows]
[2020.01.31-23.38.39:958][  0]LogInit: Applying CVar settings loaded from the selected device profile: [Windows]
[2020.01.31-23.38.39:973][  0]LogHAL: Display: Platform has ~ 32 GB [34271805440 / 34359738368 / 32], which maps to Largest [LargestMinGB=32, LargerMinGB=12, DefaultMinGB=8, SmallerMinGB=6, SmallestMinGB=0)
[2020.01.31-23.38.39:973][  0]LogInit: Going up to parent DeviceProfile []
[2020.01.31-23.38.39:973][  0]LogConfig: Applying CVar settings from Section [ViewDistanceQuality@3] File [G:/JustForMe/Grappling Hook/MyProject/Saved/Config/Windows/Scalability.ini]
[2020.01.31-23.38.39:973][  0]LogConfig: Setting CVar [[r.SkeletalMeshLODBias:0]]
[2020.01.31-23.38.39:973][  0]LogConfig: Setting CVar [[r.ViewDistanceScale:1.0]]
[2020.01.31-23.38.39:973][  0]LogConfig: Applying CVar settings from Section [AntiAliasingQuality@3] File [G:/JustForMe/Grappling Hook/MyProject/Saved/Config/Windows/Scalability.ini]
[2020.01.31-23.38.39:973][  0]LogConfig: Setting CVar [[r.PostProcessAAQuality:4]]
[2020.01.31-23.38.39:973][  0]LogConfig: Applying CVar settings from Section [ShadowQuality@3] File [G:/JustForMe/Grappling Hook/MyProject/Saved/Config/Windows/Scalability.ini]
[2020.01.31-23.38.39:973][  0]LogConfig: Setting CVar [[r.LightFunctionQuality:1]]
[2020.01.31-23.38.39:973][  0]LogConfig: Setting CVar [[r.ShadowQuality:5]]
[2020.01.31-23.38.39:973][  0]LogConfig: Setting CVar [[r.Shadow.CSM.MaxCascades:10]]
[2020.01.31-23.38.39:973][  0]LogConfig: Setting CVar [[r.Shadow.MaxResolution:2048]]
[2020.01.31-23.38.39:974][  0]LogConfig: Setting CVar [[r.Shadow.MaxCSMResolution:2048]]
[2020.01.31-23.38.39:974][  0]LogConfig: Setting CVar [[r.Shadow.RadiusThreshold:0.01]]
[2020.01.31-23.38.39:974][  0]LogConfig: Setting CVar [[r.Shadow.DistanceScale:1.0]]
[2020.01.31-23.38.39:974][  0]LogConfig: Setting CVar [[r.Shadow.CSM.TransitionScale:1.0]]
[2020.01.31-23.38.39:974][  0]LogConfig: Setting CVar [[r.Shadow.PreShadowResolutionFactor:1.0]]
[2020.01.31-23.38.39:974][  0]LogConfig: Setting CVar [[r.DistanceFieldShadowing:1]]
[2020.01.31-23.38.39:974][  0]LogConfig: Setting CVar [[r.DistanceFieldAO:1]]
[2020.01.31-23.38.39:974][  0]LogConfig: Setting CVar [[r.AOQuality:2]]
[2020.01.31-23.38.39:974][  0]LogConfig: Setting CVar [[r.VolumetricFog:1]]
[2020.01.31-23.38.39:974][  0]LogConfig: Setting CVar [[r.VolumetricFog.GridPixelSize:8]]
[2020.01.31-23.38.39:974][  0]LogConfig: Setting CVar [[r.VolumetricFog.GridSizeZ:128]]
[2020.01.31-23.38.39:974][  0]LogConfig: Setting CVar [[r.VolumetricFog.HistoryMissSupersampleCount:4]]
[2020.01.31-23.38.39:974][  0]LogConfig: Setting CVar [[r.LightMaxDrawDistanceScale:1]]
[2020.01.31-23.38.39:974][  0]LogConfig: Setting CVar [[r.CapsuleShadows:1]]
[2020.01.31-23.38.39:974][  0]LogConfig: Applying CVar settings from Section [PostProcessQuality@3] File [G:/JustForMe/Grappling Hook/MyProject/Saved/Config/Windows/Scalability.ini]
[2020.01.31-23.38.39:974][  0]LogConfig: Setting CVar [[r.MotionBlurQuality:4]]
[2020.01.31-23.38.39:974][  0]LogConfig: Setting CVar [[r.AmbientOcclusionMipLevelFactor:0.4]]
[2020.01.31-23.38.39:974][  0]LogConfig: Setting CVar [[r.AmbientOcclusionMaxQuality:100]]
[2020.01.31-23.38.39:974][  0]LogConfig: Setting CVar [[r.AmbientOcclusionLevels:-1]]
[2020.01.31-23.38.39:974][  0]LogConfig: Setting CVar [[r.AmbientOcclusionRadiusScale:1.0]]
[2020.01.31-23.38.39:974][  0]LogConfig: Setting CVar [[r.DepthOfFieldQuality:2]]
[2020.01.31-23.38.39:974][  0]LogConfig: Setting CVar [[r.RenderTargetPoolMin:400]]
[2020.01.31-23.38.39:974][  0]LogConfig: Setting CVar [[r.LensFlareQuality:2]]
[2020.01.31-23.38.39:974][  0]LogConfig: Setting CVar [[r.SceneColorFringeQuality:1]]
[2020.01.31-23.38.39:974][  0]LogConfig: Setting CVar [[r.EyeAdaptationQuality:2]]
[2020.01.31-23.38.39:974][  0]LogConfig: Setting CVar [[r.BloomQuality:5]]
[2020.01.31-23.38.39:974][  0]LogConfig: Setting CVar [[r.FastBlurThreshold:100]]
[2020.01.31-23.38.39:974][  0]LogConfig: Setting CVar [[r.Upscale.Quality:3]]
[2020.01.31-23.38.39:974][  0]LogConfig: Setting CVar [[r.Tonemapper.GrainQuantization:1]]
[2020.01.31-23.38.39:974][  0]LogConfig: Setting CVar [[r.LightShaftQuality:1]]
[2020.01.31-23.38.39:974][  0]LogConfig: Setting CVar [[r.Filter.SizeScale:1]]
[2020.01.31-23.38.39:974][  0]LogConfig: Setting CVar [[r.Tonemapper.Quality:5]]
[2020.01.31-23.38.39:974][  0]LogConfig: Setting CVar [[r.DOF.Gather.AccumulatorQuality:1        ; higher gathering accumulator quality]]
[2020.01.31-23.38.39:974][  0]LogConfig: Setting CVar [[r.DOF.Gather.PostfilterMethod:1          ; Median3x3 postfilering method]]
[2020.01.31-23.38.39:974][  0]LogConfig: Setting CVar [[r.DOF.Gather.EnableBokehSettings:0       ; no bokeh simulation when gathering]]
[2020.01.31-23.38.39:974][  0]LogConfig: Setting CVar [[r.DOF.Gather.RingCount:4                 ; medium number of samples when gathering]]
[2020.01.31-23.38.39:974][  0]LogConfig: Setting CVar [[r.DOF.Scatter.ForegroundCompositing:1    ; additive foreground scattering]]
[2020.01.31-23.38.39:974][  0]LogConfig: Setting CVar [[r.DOF.Scatter.BackgroundCompositing:2    ; additive background scattering]]
[2020.01.31-23.38.39:974][  0]LogConfig: Setting CVar [[r.DOF.Scatter.EnableBokehSettings:1      ; bokeh simulation when scattering]]
[2020.01.31-23.38.39:974][  0]LogConfig: Setting CVar [[r.DOF.Scatter.MaxSpriteRatio:0.1         ; only a maximum of 10% of scattered bokeh]]
[2020.01.31-23.38.39:974][  0]LogConfig: Setting CVar [[r.DOF.Recombine.Quality:1                ; cheap slight out of focus]]
[2020.01.31-23.38.39:974][  0]LogConfig: Setting CVar [[r.DOF.Recombine.EnableBokehSettings:0    ; no bokeh simulation on slight out of focus]]
[2020.01.31-23.38.39:974][  0]LogConfig: Setting CVar [[r.DOF.TemporalAAQuality:1                ; more stable temporal accumulation]]
[2020.01.31-23.38.39:974][  0]LogConfig: Setting CVar [[r.DOF.Kernel.MaxForegroundRadius:0.025]]
[2020.01.31-23.38.39:974][  0]LogConfig: Setting CVar [[r.DOF.Kernel.MaxBackgroundRadius:0.025]]
[2020.01.31-23.38.39:974][  0]LogConfig: Applying CVar settings from Section [TextureQuality@3] File [G:/JustForMe/Grappling Hook/MyProject/Saved/Config/Windows/Scalability.ini]
[2020.01.31-23.38.39:974][  0]LogConfig: Setting CVar [[r.Streaming.MipBias:0]]
[2020.01.31-23.38.39:974][  0]LogConfig: Setting CVar [[r.Streaming.AmortizeCPUToGPUCopy:0]]
[2020.01.31-23.38.39:974][  0]LogConfig: Setting CVar [[r.Streaming.MaxNumTexturesToStreamPerFrame:0]]
[2020.01.31-23.38.39:974][  0]LogConfig: Setting CVar [[r.Streaming.Boost:1]]
[2020.01.31-23.38.39:974][  0]LogConfig: Setting CVar [[r.MaxAnisotropy:8]]
[2020.01.31-23.38.39:974][  0]LogConfig: Setting CVar [[r.Streaming.LimitPoolSizeToVRAM:0]]
[2020.01.31-23.38.39:975][  0]LogConfig: Setting CVar [[r.Streaming.PoolSize:1000]]
[2020.01.31-23.38.39:975][  0]LogConfig: Setting CVar [[r.Streaming.MaxEffectiveScreenSize:0]]
[2020.01.31-23.38.39:975][  0]LogConfig: Applying CVar settings from Section [EffectsQuality@3] File [G:/JustForMe/Grappling Hook/MyProject/Saved/Config/Windows/Scalability.ini]
[2020.01.31-23.38.39:975][  0]LogConfig: Setting CVar [[r.TranslucencyLightingVolumeDim:64]]
[2020.01.31-23.38.39:975][  0]LogConfig: Setting CVar [[r.RefractionQuality:2]]
[2020.01.31-23.38.39:975][  0]LogConfig: Setting CVar [[r.SSR.Quality:3]]
[2020.01.31-23.38.39:975][  0]LogConfig: Setting CVar [[r.SceneColorFormat:4]]
[2020.01.31-23.38.39:975][  0]LogConfig: Setting CVar [[r.DetailMode:2]]
[2020.01.31-23.38.39:975][  0]LogConfig: Setting CVar [[r.TranslucencyVolumeBlur:1]]
[2020.01.31-23.38.39:975][  0]LogConfig: Setting CVar [[r.MaterialQualityLevel:1 ; High quality]]
[2020.01.31-23.38.39:975][  0]LogConfig: Setting CVar [[r.SSS.Scale:1]]
[2020.01.31-23.38.39:975][  0]LogConfig: Setting CVar [[r.SSS.SampleSet:2]]
[2020.01.31-23.38.39:975][  0]LogConfig: Setting CVar [[r.SSS.Quality:1]]
[2020.01.31-23.38.39:975][  0]LogConfig: Setting CVar [[r.SSS.HalfRes:1]]
[2020.01.31-23.38.39:975][  0]LogConfig: Setting CVar [[r.EmitterSpawnRateScale:1.0]]
[2020.01.31-23.38.39:975][  0]LogConfig: Setting CVar [[r.ParticleLightQuality:2]]
[2020.01.31-23.38.39:975][  0]LogConfig: Applying CVar settings from Section [FoliageQuality@3] File [G:/JustForMe/Grappling Hook/MyProject/Saved/Config/Windows/Scalability.ini]
[2020.01.31-23.38.39:975][  0]LogConfig: Setting CVar [[foliage.DensityScale:1.0]]
[2020.01.31-23.38.39:975][  0]LogConfig: Setting CVar [[grass.DensityScale:1.0]]
[2020.01.31-23.38.39:975][  0]LogConfig: Applying CVar settings from Section [Startup] File [../../../Engine/Config/ConsoleVariables.ini]
[2020.01.31-23.38.39:980][  0]LogConfig: Setting CVar [[net.UseAdaptiveNetUpdateFrequency:0]]
[2020.01.31-23.38.39:980][  0]LogConfig: Setting CVar [[p.chaos.AllowCreatePhysxBodies:1]]
[2020.01.31-23.38.39:980][  0]LogConfig: Applying CVar settings from Section [ConsoleVariables] File [G:/JustForMe/Grappling Hook/MyProject/Saved/Config/Windows/Engine.ini]
[2020.01.31-23.38.39:980][  0]LogInit: Computer: MT-R209-01
[2020.01.31-23.38.39:980][  0]LogInit: User: jcamar20
[2020.01.31-23.38.39:980][  0]LogInit: CPU Page size=4096, Cores=16
[2020.01.31-23.38.39:980][  0]LogInit: High frequency timer resolution =10.000000 MHz
[2020.01.31-23.38.39:980][  0]LogMemory: Memory total: Physical=31.9GB (32GB approx)
[2020.01.31-23.38.39:981][  0]LogMemory: Platform Memory Stats for Windows
[2020.01.31-23.38.39:981][  0]LogMemory: Process Physical Memory: 109.26 MB used, 109.26 MB peak
[2020.01.31-23.38.39:981][  0]LogMemory: Process Virtual Memory: 106.85 MB used, 106.85 MB peak
[2020.01.31-23.38.39:981][  0]LogMemory: Physical Memory: 7950.93 MB used,  24733.21 MB free, 32684.14 MB total
[2020.01.31-23.38.39:981][  0]LogMemory: Virtual Memory: 4791.09 MB used,  134212936.00 MB free, 134217728.00 MB total
[2020.01.31-23.38.39:989][  0]LogWindows: WindowsPlatformFeatures enabled
[2020.01.31-23.38.40:062][  0]LogInit: Using OS detected language (en-US).
[2020.01.31-23.38.40:062][  0]LogInit: Using OS detected locale (en-US).
[2020.01.31-23.38.40:064][  0]LogTextLocalizationManager: No specific localization for 'en-US' exists, so the 'en' localization will be used.
[2020.01.31-23.38.40:364][  0]LogInit: Setting process to per monitor DPI aware
[2020.01.31-23.38.40:445][  0]LogSlate: New Slate User Created.  User Index 0, Is Virtual User: 0
[2020.01.31-23.38.40:445][  0]LogSlate: Slate User Registered.  User Index 0, Is Virtual User: 0
[2020.01.31-23.38.42:672][  0]LogHMD: Failed to initialize OpenVR with code 110
[2020.01.31-23.38.42:672][  0]LogD3D11RHI: D3D11 adapters:
[2020.01.31-23.38.42:803][  0]LogD3D11RHI:    0. 'NVIDIA GeForce GTX 1080' (Feature Level 11_0)
[2020.01.31-23.38.42:803][  0]LogD3D11RHI:       8079/0/16342 MB DedicatedVideo/DedicatedSystem/SharedSystem, Outputs:1, VendorId:0x10de
[2020.01.31-23.38.42:810][  0]LogD3D11RHI:    1. 'Microsoft Basic Render Driver' (Feature Level 11_0)
[2020.01.31-23.38.42:810][  0]LogD3D11RHI:       0/0/16342 MB DedicatedVideo/DedicatedSystem/SharedSystem, Outputs:0, VendorId:0x1414
[2020.01.31-23.38.42:810][  0]LogD3D11RHI: Chosen D3D11 Adapter: 0
[2020.01.31-23.38.42:822][  0]LogD3D11RHI: Creating new Direct3DDevice
[2020.01.31-23.38.42:822][  0]LogD3D11RHI:     GPU DeviceId: 0x1b80 (for the marketing name, search the web for "GPU Device Id")
[2020.01.31-23.38.42:822][  0]LogWindows: EnumDisplayDevices:
[2020.01.31-23.38.42:822][  0]LogWindows:    0. 'NVIDIA GeForce GTX 1080' (P:1 D:1)
[2020.01.31-23.38.42:823][  0]LogWindows:    1. 'NVIDIA GeForce GTX 1080' (P:0 D:0)
[2020.01.31-23.38.42:824][  0]LogWindows:    2. 'NVIDIA GeForce GTX 1080' (P:0 D:0)
[2020.01.31-23.38.42:825][  0]LogWindows:    3. 'NVIDIA GeForce GTX 1080' (P:0 D:0)
[2020.01.31-23.38.42:825][  0]LogWindows: DebugString: FoundDriverCount:4 
[2020.01.31-23.38.42:825][  0]LogD3D11RHI:     Adapter Name: NVIDIA GeForce GTX 1080
[2020.01.31-23.38.42:825][  0]LogD3D11RHI:   Driver Version: 441.66 (internal:26.21.14.4166, unified:441.66)
[2020.01.31-23.38.42:825][  0]LogD3D11RHI:      Driver Date: 12-6-2019
[2020.01.31-23.38.42:825][  0]LogRHI: Texture pool is 5655 MB (70% of 8079 MB)
[2020.01.31-23.38.42:906][  0]LogD3D11RHI: Async texture creation enabled
[2020.01.31-23.38.42:922][  0]LogD3D11RHI: GPU Timing Frequency: 1000.000000 (Debug: 2 1)
[2020.01.31-23.38.43:590][  0]LogTemp: Display: Module 'AllDesktopTargetPlatform' loaded TargetPlatform 'AllDesktop'
[2020.01.31-23.38.43:609][  0]LogTemp: Display: Module 'MacClientTargetPlatform' loaded TargetPlatform 'MacClient'
[2020.01.31-23.38.43:627][  0]LogTemp: Display: Module 'MacNoEditorTargetPlatform' loaded TargetPlatform 'MacNoEditor'
[2020.01.31-23.38.43:644][  0]LogTemp: Display: Module 'MacServerTargetPlatform' loaded TargetPlatform 'MacServer'
[2020.01.31-23.38.43:667][  0]LogTemp: Display: Module 'MacTargetPlatform' loaded TargetPlatform 'Mac'
[2020.01.31-23.38.43:685][  0]LogTemp: Display: Module 'WindowsClientTargetPlatform' loaded TargetPlatform 'WindowsClient'
[2020.01.31-23.38.43:703][  0]LogTemp: Display: Module 'WindowsNoEditorTargetPlatform' loaded TargetPlatform 'WindowsNoEditor'
[2020.01.31-23.38.43:720][  0]LogTemp: Display: Module 'WindowsServerTargetPlatform' loaded TargetPlatform 'WindowsServer'
[2020.01.31-23.38.43:730][  0]LogTemp: Display: Module 'WindowsTargetPlatform' loaded TargetPlatform 'Windows'
[2020.01.31-23.38.43:786][  0]LogTemp: Display: Module 'AndroidTargetPlatform' loaded TargetPlatform 'Android'
[2020.01.31-23.38.43:786][  0]LogTemp: Display: Module 'AndroidTargetPlatform' loaded TargetPlatform 'Android_ASTC'
[2020.01.31-23.38.43:786][  0]LogTemp: Display: Module 'AndroidTargetPlatform' loaded TargetPlatform 'Android_ATC'
[2020.01.31-23.38.43:786][  0]LogTemp: Display: Module 'AndroidTargetPlatform' loaded TargetPlatform 'Android_DXT'
[2020.01.31-23.38.43:786][  0]LogTemp: Display: Module 'AndroidTargetPlatform' loaded TargetPlatform 'Android_ETC1'
[2020.01.31-23.38.43:786][  0]LogTemp: Display: Module 'AndroidTargetPlatform' loaded TargetPlatform 'Android_ETC1a'
[2020.01.31-23.38.43:786][  0]LogTemp: Display: Module 'AndroidTargetPlatform' loaded TargetPlatform 'Android_ETC2'
[2020.01.31-23.38.43:786][  0]LogTemp: Display: Module 'AndroidTargetPlatform' loaded TargetPlatform 'Android_PVRTC'
[2020.01.31-23.38.43:786][  0]LogTemp: Display: Module 'AndroidTargetPlatform' loaded TargetPlatform 'AndroidClient'
[2020.01.31-23.38.43:786][  0]LogTemp: Display: Module 'AndroidTargetPlatform' loaded TargetPlatform 'Android_ASTCClient'
[2020.01.31-23.38.43:786][  0]LogTemp: Display: Module 'AndroidTargetPlatform' loaded TargetPlatform 'Android_ATCClient'
[2020.01.31-23.38.43:786][  0]LogTemp: Display: Module 'AndroidTargetPlatform' loaded TargetPlatform 'Android_DXTClient'
[2020.01.31-23.38.43:786][  0]LogTemp: Display: Module 'AndroidTargetPlatform' loaded TargetPlatform 'Android_ETC1Client'
[2020.01.31-23.38.43:786][  0]LogTemp: Display: Module 'AndroidTargetPlatform' loaded TargetPlatform 'Android_ETC1aClient'
[2020.01.31-23.38.43:786][  0]LogTemp: Display: Module 'AndroidTargetPlatform' loaded TargetPlatform 'Android_ETC2Client'
[2020.01.31-23.38.43:786][  0]LogTemp: Display: Module 'AndroidTargetPlatform' loaded TargetPlatform 'Android_PVRTCClient'
[2020.01.31-23.38.43:786][  0]LogTemp: Display: Module 'AndroidTargetPlatform' loaded TargetPlatform 'Android_Multi'
[2020.01.31-23.38.43:786][  0]LogTemp: Display: Module 'AndroidTargetPlatform' loaded TargetPlatform 'Android_MultiClient'
[2020.01.31-23.38.43:791][  0]LogTemp: Display: Module 'HTML5TargetPlatform' loaded TargetPlatform 'HTML5'
[2020.01.31-23.38.43:834][  0]LogTemp: Display: Module 'IOSTargetPlatform' loaded TargetPlatform 'IOSClient'
[2020.01.31-23.38.43:834][  0]LogTemp: Display: Module 'IOSTargetPlatform' loaded TargetPlatform 'IOS'
[2020.01.31-23.38.43:862][  0]LogTemp: Display: Module 'TVOSTargetPlatform' loaded TargetPlatform 'TVOSClient'
[2020.01.31-23.38.43:862][  0]LogTemp: Display: Module 'TVOSTargetPlatform' loaded TargetPlatform 'TVOS'
[2020.01.31-23.38.43:876][  0]LogTemp: Display: Module 'LinuxClientTargetPlatform' loaded TargetPlatform 'LinuxClient'
[2020.01.31-23.38.43:890][  0]LogTemp: Display: Module 'LinuxNoEditorTargetPlatform' loaded TargetPlatform 'LinuxNoEditor'
[2020.01.31-23.38.43:904][  0]LogTemp: Display: Module 'LinuxServerTargetPlatform' loaded TargetPlatform 'LinuxServer'
[2020.01.31-23.38.43:924][  0]LogTemp: Display: Module 'LinuxTargetPlatform' loaded TargetPlatform 'Linux'
[2020.01.31-23.38.43:975][  0]LogTemp: Display: Module 'LuminTargetPlatform' loaded TargetPlatform 'Lumin'
[2020.01.31-23.38.43:975][  0]LogTemp: Display: Module 'LuminTargetPlatform' loaded TargetPlatform 'LuminClient'
[2020.01.31-23.38.43:975][  0]LogTargetPlatformManager: Display: Building Assets For Windows
[2020.01.31-23.38.44:002][  0]LogAudioDebug: Display: Lib vorbis DLL was dynamically loaded.
[2020.01.31-23.38.44:134][  0]LogShaderCompilers: Guid format shader working directory is 11 characters bigger than the processId version (G:/JustForMe/Grappling Hook/MyProject/Intermediate/Shaders/WorkingDirectory/18576/).
[2020.01.31-23.38.44:135][  0]LogShaderCompilers: Cleaned the shader compiler working directory 'C:/Users/jcamar20/AppData/Local/Temp/UnrealShaderWorkingDir/07A4533B4974A0343427328B1D1A1DEC/'.
[2020.01.31-23.38.44:141][  0]LogXGEController: Cannot use XGE Controller as Incredibuild is not installed on this machine.
[2020.01.31-23.38.44:141][  0]LogShaderCompilers: Cannot use XGE Shader Compiler as Incredibuild is not installed on this machine.
[2020.01.31-23.38.44:141][  0]LogShaderCompilers: Display: Using Local Shader Compiler.
[2020.01.31-23.38.46:710][  0]LogDerivedDataCache: Display: Max Cache Size: 512 MB
[2020.01.31-23.38.46:808][  0]LogDerivedDataCache: Loaded boot cache 0.10s 74MB C:/Users/jcamar20/AppData/Local/UnrealEngine/4.23/DerivedDataCache/Boot.ddc.
[2020.01.31-23.38.46:809][  0]LogDerivedDataCache: Display: Loaded Boot cache: C:/Users/jcamar20/AppData/Local/UnrealEngine/4.23/DerivedDataCache/Boot.ddc
[2020.01.31-23.38.46:809][  0]LogDerivedDataCache: FDerivedDataBackendGraph:  Pak pak cache file G:/JustForMe/Grappling Hook/MyProject/DerivedDataCache/DDC.ddp not found, will not use a pak cache.
[2020.01.31-23.38.46:809][  0]LogDerivedDataCache: Unable to find inner node Pak for hierarchical cache Hierarchy.
[2020.01.31-23.38.46:809][  0]LogDerivedDataCache: FDerivedDataBackendGraph:  CompressedPak pak cache file G:/JustForMe/Grappling Hook/MyProject/DerivedDataCache/Compressed.ddp not found, will not use a pak cache.
[2020.01.31-23.38.46:809][  0]LogDerivedDataCache: Unable to find inner node CompressedPak for hierarchical cache Hierarchy.
[2020.01.31-23.38.46:826][  0]LogDerivedDataCache: Display: Pak cache opened for reading ../../../Engine/DerivedDataCache/Compressed.ddp.
[2020.01.31-23.38.46:826][  0]LogDerivedDataCache: FDerivedDataBackendGraph:  EnterprisePak pak cache file ../../../Enterprise/DerivedDataCache/Compressed.ddp not found, will not use a pak cache.
[2020.01.31-23.38.46:826][  0]LogDerivedDataCache: Unable to find inner node EnterprisePak for hierarchical cache Hierarchy.
[2020.01.31-23.38.46:836][  0]LogDerivedDataCache: Using Local data cache path C:/Users/jcamar20/AppData/Local/UnrealEngine/Common/DerivedDataCache: Writable
[2020.01.31-23.38.46:836][  0]LogDerivedDataCache: Shared data cache path not found in *engine.ini, will not use an Shared cache.
[2020.01.31-23.38.46:836][  0]LogDerivedDataCache: Unable to find inner node Shared for hierarchical cache Hierarchy.
[2020.01.31-23.38.46:866][  0]LogMaterial: Verifying Global Shaders for PCD3D_SM5
[2020.01.31-23.38.46:870][  0]LogSlate: Using FreeType 2.6.0
[2020.01.31-23.38.46:879][  0]LogSlate: SlateFontServices - WITH_FREETYPE: 1, WITH_HARFBUZZ: 1
[2020.01.31-23.38.47:391][  0]LogAssetRegistry: FAssetRegistry took 0.0045 seconds to start up
[2020.01.31-23.38.47:840][  0]LogInit: Selected Device Profile: [Windows]
[2020.01.31-23.38.48:132][  0]LogMeshReduction: Using QuadricMeshReduction for automatic static mesh reduction
[2020.01.31-23.38.48:132][  0]LogMeshReduction: Using SimplygonMeshReduction for automatic skeletal mesh reduction
[2020.01.31-23.38.48:132][  0]LogMeshReduction: Using ProxyLODMeshReduction for automatic mesh merging
[2020.01.31-23.38.48:132][  0]LogMeshReduction: No distributed automatic mesh merging module available
[2020.01.31-23.38.48:132][  0]LogMeshMerging: No distributed automatic mesh merging module available
[2020.01.31-23.38.48:159][  0]LogNetVersion: MyProject 1.0.0, NetCL: 8386587, EngineNetVer: 11, GameNetVer: 0 (Checksum: 2896792207)
[2020.01.31-23.38.49:293][  0]LogPackageLocalizationCache: Processed 13 localized package path(s) for 1 prioritized culture(s) in 0.293179 seconds
[2020.01.31-23.38.49:305][  0]LogUObjectArray: 43444 objects as part of root set at end of initial load.
[2020.01.31-23.38.49:305][  0]LogUObjectAllocator: 7548648 out of 0 bytes used by permanent object pool.
[2020.01.31-23.38.49:305][  0]LogUObjectArray: CloseDisregardForGC: 0/0 objects in disregard for GC pool
[2020.01.31-23.38.55:408][  0]LogTcpMessaging: Initializing TcpMessaging bridge
[2020.01.31-23.38.55:413][  0]LogUdpMessaging: Initializing bridge on interface 0.0.0.0:0 to multicast group 230.0.0.1:6666.
[2020.01.31-23.38.55:531][  0]SourceControl: Source control is disabled
[2020.01.31-23.38.55:531][  0]SourceControl: Source control is disabled
[2020.01.31-23.38.55:535][  0]SourceControl: Source control is disabled
[2020.01.31-23.38.55:538][  0]SourceControl: Source control is disabled
[2020.01.31-23.38.55:806][  0]LogAndroidPermission: UAndroidPermissionCallbackProxy::GetInstance
[2020.01.31-23.38.56:082][  0]LogHoudiniEngine: Starting the Houdini Engine module.
[2020.01.31-23.38.56:084][  0]LogHoudiniEngine: Loaded libHAPIL.dll from Registry path C:/Program Files/Side Effects Software/Houdini 17.5.425/bin
[2020.01.31-23.38.56:088][  0]LogLinker: Warning: Asset '../../Plugins/Runtime/HoudiniEngine/Content/houdini_logo.uasset' has been saved with empty engine version. The asset will be loaded but may be incompatible.
[2020.01.31-23.38.56:094][  0]LogLinker: Warning: Asset '../../Plugins/Runtime/HoudiniEngine/Content/houdini_default_material.uasset' has been saved with empty engine version. The asset will be loaded but may be incompatible.
[2020.01.31-23.38.56:105][  0]LogLinker: Warning: Asset '../../Plugins/Runtime/HoudiniEngine/Content/houdini_bgeo_import.uasset' has been saved with empty engine version. The asset will be loaded but may be incompatible.
[2020.01.31-23.38.56:118][  0]LogOcInput: OculusInput pre-init called
[2020.01.31-23.38.56:131][  0]LogWindows: Failed to load 'OVRPlugin.dll' (GetLastError=126)
[2020.01.31-23.38.56:131][  0]LogWindows: File 'OVRPlugin.dll' does not exist
[2020.01.31-23.38.56:274][  0]LogEngine: Initializing Engine...
[2020.01.31-23.38.56:277][  0]LogHMD: Failed to initialize OpenVR with code 110
[2020.01.31-23.38.56:279][  0]LogStats: UGameplayTagsManager::InitializeManager -  0.000 s
[2020.01.31-23.38.56:699][  0]LogInit: Initializing FReadOnlyCVARCache
[2020.01.31-23.38.56:735][  0]LogAIModule: Creating AISystem for world Untitled
[2020.01.31-23.38.56:767][  0]LogInit: XAudio2 using 'HP S340c (NVIDIA High Definition Audio)' : 2 channels at 48 kHz using 16 bits per sample (channel mask 0x3)
[2020.01.31-23.38.56:803][  0]LogInit: FAudioDevice initialized.
[2020.01.31-23.38.56:803][  0]LogNetVersion: Set ProjectVersion to 1.0.0.0. Version Checksum will be recalculated on next use.
[2020.01.31-23.38.56:914][  0]LogDerivedDataCache: Saved boot cache 0.11s 74MB C:/Users/jcamar20/AppData/Local/UnrealEngine/4.23/DerivedDataCache/Boot.ddc.
[2020.01.31-23.38.56:923][  0]LogInit: Texture streaming: Enabled
[2020.01.31-23.38.56:977][  0]LogEngineSessionManager: EngineSessionManager initialized
[2020.01.31-23.38.56:977][  0]LogEditorSessionSummary: Verbose: Initializing EditorSessionSummaryWriter for editor session tracking
[2020.01.31-23.38.56:991][  0]LogEditorSessionSummary: EditorSessionSummaryWriter initialized
[2020.01.31-23.38.57:143][  0]LogInit: Transaction tracking system initialized
[2020.01.31-23.38.57:218][  0]BlueprintLog: New page: Editor Load
[2020.01.31-23.38.57:426][  0]LocalizationService: Localization service is disabled
[2020.01.31-23.38.58:018][  0]LogCook: Display: Max memory allowance for cook 16384mb min free memory 0mb
[2020.01.31-23.38.58:018][  0]LogCook: Display: Mobile HDR setting 1
[2020.01.31-23.38.58:386][  0]LogFileCache: Scanning file cache for directory 'G:/JustForMe/Grappling Hook/MyProject/Content/' took 0.02s
[2020.01.31-23.38.58:386][  0]LogHoudiniEngineEditor: Starting the Houdini Engine Editor module.
[2020.01.31-23.38.58:394][  0]LogHoudiniEngineEditor: Houdini Engine Editor module startup complete.
[2020.01.31-23.38.58:622][  0]SourceControl: Source control is disabled
[2020.01.31-23.38.58:622][  0]Cmd: MAP LOAD FILE="G:/JustForMe/Grappling Hook/MyProject/Content/FirstPersonBP/Maps/FirstPersonExampleMap.umap" TEMPLATE=0 SHOWPROGRESS=1 FEATURELEVEL=3
[2020.01.31-23.38.58:665][  0]LightingResults: New page: Lighting Build
[2020.01.31-23.38.58:671][  0]LogWorld: UWorld::CleanupWorld for Untitled, bSessionEnded=true, bCleanupResources=true
[2020.01.31-23.38.58:671][  0]MapCheck: New page: Map Check
[2020.01.31-23.38.58:672][  0]LightingResults: New page: Lighting Build
[2020.01.31-23.38.58:788][  0]LogUObjectHash: Compacting FUObjectHashTables data took   2.44ms
[2020.01.31-23.39.00:501][  0]LogTexture: Display: Building textures: HQ_Lightmap1_5 (AutoDXT, 64X64)
[2020.01.31-23.39.00:501][  0]LogTexture: Display: Building textures: LQ_Lightmap_1_5 (DXT1, 64X64)
[2020.01.31-23.39.00:501][  0]LogTexture: Display: Building textures: SkyOcclusion1_5 (AutoDXT, 64X32)
[2020.01.31-23.39.00:501][  0]LogTexture: Display: Building textures: ShadowMapTexture2D_15 (G8, 32X32)
[2020.01.31-23.39.00:501][  0]LogTexture: Display: Building textures: SkyOcclusion1_2 (AutoDXT, 2048X1024)
[2020.01.31-23.39.00:501][  0]LogTexture: Display: Building textures: ShadowMapTexture2D_10 (G8, 1024X1024)
[2020.01.31-23.39.00:501][  0]LogTexture: Display: Building textures: ShadowMapTexture2D_11 (G8, 1024X1024)
[2020.01.31-23.39.00:501][  0]LogTexture: Display: Building textures: ShadowMapTexture2D_12 (G8, 1024X1024)
[2020.01.31-23.39.00:501][  0]LogTexture: Display: Building textures: ShadowMapTexture2D_9 (G8, 1024X1024)
[2020.01.31-23.39.00:501][  0]LogTexture: Display: Building textures: ShadowMapTexture2D_13 (G8, 1024X1024)
[2020.01.31-23.39.00:502][  0]LogTexture: Display: Building textures: ShadowMapTexture2D_14 (G8, 1024X1024)
[2020.01.31-23.39.00:502][  0]LogTexture: Display: Building textures: ShadowMapTexture2D_8 (G8, 1024X1024)
[2020.01.31-23.39.00:502][  0]LogTexture: Display: Building textures: SkyOcclusion1_3 (AutoDXT, 2048X1024)
[2020.01.31-23.39.00:502][  0]LogTexture: Display: Building textures: SkyOcclusion1_4 (AutoDXT, 2048X1024)
[2020.01.31-23.39.00:502][  0]LogTexture: Display: Building textures: SkyOcclusion1_1 (AutoDXT, 2048X1024)
[2020.01.31-23.39.00:502][  0]LogTexture: Display: Building textures: HQ_Lightmap1_2 (AutoDXT, 2048X2048)
[2020.01.31-23.39.00:502][  0]LogTexture: Display: Building textures: LQ_Lightmap_1_3 (DXT1, 2048X2048)
[2020.01.31-23.39.00:502][  0]LogTexture: Display: Building textures: HQ_Lightmap1_1 (AutoDXT, 2048X2048)
[2020.01.31-23.39.00:502][  0]LogTexture: Display: Building textures: LQ_Lightmap_1_1 (DXT1, 2048X2048)
[2020.01.31-23.39.00:502][  0]LogTexture: Display: Building textures: HQ_Lightmap1_4 (AutoDXT, 2048X2048)
[2020.01.31-23.39.00:502][  0]LogTexture: Display: Building textures: HQ_Lightmap1_3 (AutoDXT, 2048X2048)
[2020.01.31-23.39.00:502][  0]LogTexture: Display: Building textures: LQ_Lightmap_1_2 (DXT1, 2048X2048)
[2020.01.31-23.39.00:502][  0]LogTexture: Display: Building textures: LQ_Lightmap_1_4 (DXT1, 2048X2048)
[2020.01.31-23.39.01:362][  0]LogMaterial: Display: Missing cached shader map for material MAT_Laser, compiling. 
[2020.01.31-23.39.01:451][  0]LogAIModule: Creating AISystem for world FirstPersonExampleMap
[2020.01.31-23.39.01:468][  0]LogShaderCompilers: Display: Worker (1/29): shaders left to compile 22
[2020.01.31-23.39.01:468][  0]LogShaderCompilers: Display: Worker (2/29): shaders left to compile 21
[2020.01.31-23.39.01:468][  0]LogShaderCompilers: Display: Worker (3/29): shaders left to compile 20
[2020.01.31-23.39.01:468][  0]LogShaderCompilers: Display: Worker (4/29): shaders left to compile 19
[2020.01.31-23.39.01:468][  0]LogShaderCompilers: Display: Worker (5/29): shaders left to compile 18
[2020.01.31-23.39.01:468][  0]LogShaderCompilers: Display: Worker (6/29): shaders left to compile 17
[2020.01.31-23.39.01:468][  0]LogShaderCompilers: Display: Worker (7/29): shaders left to compile 16
[2020.01.31-23.39.01:468][  0]LogShaderCompilers: Display: Worker (8/29): shaders left to compile 15
[2020.01.31-23.39.01:468][  0]LogShaderCompilers: Display: Worker (9/29): shaders left to compile 14
[2020.01.31-23.39.01:468][  0]LogShaderCompilers: Display: Worker (10/29): shaders left to compile 13
[2020.01.31-23.39.01:468][  0]LogShaderCompilers: Display: Worker (11/29): shaders left to compile 12
[2020.01.31-23.39.01:468][  0]LogShaderCompilers: Display: Worker (12/29): shaders left to compile 11
[2020.01.31-23.39.01:468][  0]LogShaderCompilers: Display: Worker (13/29): shaders left to compile 10
[2020.01.31-23.39.01:468][  0]LogShaderCompilers: Display: Worker (14/29): shaders left to compile 9
[2020.01.31-23.39.01:468][  0]LogShaderCompilers: Display: Worker (15/29): shaders left to compile 8
[2020.01.31-23.39.01:468][  0]LogShaderCompilers: Display: Worker (16/29): shaders left to compile 7
[2020.01.31-23.39.01:468][  0]LogShaderCompilers: Display: Worker (17/29): shaders left to compile 6
[2020.01.31-23.39.01:468][  0]LogShaderCompilers: Display: Worker (18/29): shaders left to compile 5
[2020.01.31-23.39.01:468][  0]LogShaderCompilers: Display: Worker (19/29): shaders left to compile 4
[2020.01.31-23.39.01:468][  0]LogShaderCompilers: Display: Worker (20/29): shaders left to compile 3
[2020.01.31-23.39.01:468][  0]LogShaderCompilers: Display: Worker (21/29): shaders left to compile 2
[2020.01.31-23.39.01:468][  0]LogShaderCompilers: Display: Worker (22/29): shaders left to compile 1
[2020.01.31-23.39.01:468][  0]LogEditorServer: Finished looking for orphan Actors (0.000 secs)
[2020.01.31-23.39.01:600][  0]LogUObjectHash: Compacting FUObjectHashTables data took   3.24ms
[2020.01.31-23.39.01:600][  0]Cmd: MAP CHECKDEP NOCLEARLOG
[2020.01.31-23.39.01:600][  0]MapCheck: Map check complete: 0 Error(s), 0 Warning(s), took 0.112ms to complete.
[2020.01.31-23.39.01:601][  0]LogFileHelpers: Loading map 'FirstPersonExampleMap' took 2.979
[2020.01.31-23.39.01:776][  0]LogSlate: Updating window title bar state: overlay mode, drag disabled, window buttons hidden, title bar hidden
[2020.01.31-23.39.01:788][  0]LogSlate: Updating window title bar state: overlay mode, drag disabled, window buttons hidden, title bar hidden
[2020.01.31-23.39.01:799][  0]LogSlate: Updating window title bar state: overlay mode, drag disabled, window buttons hidden, title bar hidden
[2020.01.31-23.39.01:810][  0]LogSlate: Updating window title bar state: overlay mode, drag disabled, window buttons hidden, title bar hidden
[2020.01.31-23.39.01:835][  0]LogCollectionManager: Loaded 0 collections in 0.005388 seconds
[2020.01.31-23.39.01:855][  0]LogFileCache: Scanning file cache for directory 'G:/JustForMe/Grappling Hook/MyProject/Saved/Collections/' took 0.00s
[2020.01.31-23.39.01:855][  0]LogFileCache: Scanning file cache for directory 'G:/JustForMe/Grappling Hook/MyProject/Content/Developers/jcamar20/Collections/' took 0.00s
[2020.01.31-23.39.01:855][  0]LogFileCache: Scanning file cache for directory 'G:/JustForMe/Grappling Hook/MyProject/Content/Collections/' took 0.00s
[2020.01.31-23.39.01:855][  0]LogCollectionManager: Rebuilt the GUID cache for 0 collections in 0.000002 seconds
[2020.01.31-23.39.01:873][  0]LogContentBrowser: Native class hierarchy populated in 0.0163 seconds. Added 2900 classes and 687 folders.
[2020.01.31-23.39.01:899][  0]LogContentBrowser: Native class hierarchy updated for 'WidgetCarousel' in 0.0003 seconds. Added 0 classes and 0 folders.
[2020.01.31-23.39.02:528][  0]LogContentBrowser: Native class hierarchy updated for 'AddContentDialog' in 0.0005 seconds. Added 0 classes and 0 folders.
[2020.01.31-23.39.02:594][  0]LogContentBrowser: Native class hierarchy updated for 'SceneOutliner' in 0.0005 seconds. Added 1 classes and 2 folders.
[2020.01.31-23.39.02:786][  0]LogSlate: Took 0.007009 seconds to synchronously load lazily loaded font '../../../Engine/Content/Slate/Fonts/Roboto-Regular.ttf' (155K)
[2020.01.31-23.39.02:797][  0]LogSlate: Took 0.007475 seconds to synchronously load lazily loaded font '../../../Engine/Content/Slate/Fonts/Roboto-Bold.ttf' (160K)
[2020.01.31-23.39.02:813][  0]LogSlate: Took 0.007979 seconds to synchronously load lazily loaded font '../../../Engine/Content/Editor/Slate/Fonts/FontAwesome.ttf' (139K)
[2020.01.31-23.39.03:055][  0]LogRenderer: Reallocating scene render targets to support 2172x808 Format 10 NumSamples 1 (Frame:1).
[2020.01.31-23.39.03:297][  0]LogSlate: FSceneViewport::OnFocusLost() reason 5
[2020.01.31-23.39.03:332][  0]LogSlate: Window 'Tutorials' being destroyed
[2020.01.31-23.39.03:358][  0]LogContentBrowser: Native class hierarchy updated for 'HierarchicalLODOutliner' in 0.0004 seconds. Added 0 classes and 0 folders.
[2020.01.31-23.39.03:358][  0]LogLoad: (Engine Initialization) Total time: 28.74 seconds
[2020.01.31-23.39.03:358][  0]LogLoad: (Engine Initialization) Total Blueprint compile time: 0.00 seconds
[2020.01.31-23.39.03:416][  0]LogContentStreaming: Texture pool size now 1000 MB
[2020.01.31-23.39.03:443][  0]LogSlate: Took 0.005200 seconds to synchronously load lazily loaded font '../../../Engine/Content/Slate/Fonts/Roboto-Light.ttf' (167K)
[2020.01.31-23.39.04:272][ 11]LogAssetRegistry: Asset discovery search completed in 16.8814 seconds
[2020.01.31-23.39.04:277][ 11]LogCollectionManager: Rebuilt the object cache for 0 collections in 0.000005 seconds (found 0 objects)
[2020.01.31-23.39.04:277][ 11]LogCollectionManager: Fixed up redirectors for 0 collections in 0.000049 seconds (updated 0 objects)
[2020.01.31-23.39.23:582][251]LogSlate: FSceneViewport::OnFocusLost() reason 5
[2020.01.31-23.39.24:038][304]LogSlate: FSceneViewport::OnFocusLost() reason 5
[2020.01.31-23.39.24:666][377]LogSlate: FSceneViewport::OnFocusLost() reason 5
[2020.01.31-23.39.25:905][524]LogSlate: FSceneViewport::OnFocusLost() reason 5
[2020.01.31-23.39.25:919][524]LogSlate: FSceneViewport::OnFocusLost() reason 5
[2020.01.31-23.39.25:944][525]LogSlate: FSceneViewport::OnFocusLost() reason 5
[2020.01.31-23.39.25:978][527]LogSlate: FSceneViewport::OnFocusLost() reason 5
[2020.01.31-23.39.26:869][629]LogSlate: FSceneViewport::OnFocusLost() reason 5
[2020.01.31-23.39.28:743][629]LogSlate: Window 'New Level' being destroyed
[2020.01.31-23.39.28:753][629]Cmd: MAP LOAD FILE="../../../Engine/Content/Maps/Templates/Template_Default.umap" TEMPLATE=1 SHOWPROGRESS=1 FEATURELEVEL=3
[2020.01.31-23.39.28:765][629]LogSlate: FSceneViewport::OnFocusLost() reason 5
[2020.01.31-23.39.28:777][629]LightingResults: New page: Lighting Build
[2020.01.31-23.39.28:778][629]LoadErrors: New page: Loading map: Template_Default.umap
[2020.01.31-23.39.28:779][629]LogWorld: UWorld::CleanupWorld for FirstPersonExampleMap, bSessionEnded=true, bCleanupResources=true
[2020.01.31-23.39.28:781][629]MapCheck: New page: Map Check
[2020.01.31-23.39.28:781][629]LightingResults: New page: Lighting Build
[2020.01.31-23.39.28:906][629]LogUObjectHash: Compacting FUObjectHashTables data took   2.58ms
[2020.01.31-23.39.28:940][629]LogAIModule: Creating AISystem for world Untitled_1
[2020.01.31-23.39.28:955][629]LogEditorServer: Finished looking for orphan Actors (0.000 secs)
[2020.01.31-23.39.29:065][629]LogUObjectHash: Compacting FUObjectHashTables data took   2.29ms
[2020.01.31-23.39.29:070][629]Cmd: MAP CHECKDEP NOCLEARLOG
[2020.01.31-23.39.29:071][629]MapCheck: Map check complete: 0 Error(s), 0 Warning(s), took 0.118ms to complete.
[2020.01.31-23.39.29:071][629]LogFileHelpers: Loading map 'Template_Default' took 0.320
[2020.01.31-23.39.32:880][ 49]LogEditorViewport: Clicking on Actor (LMB): StaticMeshActor (Floor)
[2020.01.31-23.40.21:523][396]LogSlate: FSceneViewport::OnFocusLost() reason 0
[2020.01.31-23.40.36:149][972]LogSlate: FSceneViewport::OnFocusLost() reason 0
[2020.01.31-23.40.36:292][986]LogActorFactory: Actor Factory created Cube
[2020.01.31-23.40.37:097][ 63]LogActorFactory: Actor Factory created Cube
[2020.01.31-23.40.44:668][916]Cmd: CAMERA ALIGN ACTIVEVIEWPORTONLY
[2020.01.31-23.41.24:754][381]LogEditorViewport: Clicking on Actor (LMB): StaticMeshActor (Floor)
[2020.01.31-23.41.28:138][756]LogSlate: FSceneViewport::OnFocusLost() reason 0
[2020.01.31-23.41.28:275][770]LogActorFactory: Actor Factory created Cube
[2020.01.31-23.41.28:931][832]LogActorFactory: Actor Factory created Cube
[2020.01.31-23.41.46:648][752]LogSlate: FSceneViewport::OnFocusLost() reason 0
[2020.01.31-23.41.48:201][918]LogActorFactory: Actor Factory created Sphere
[2020.01.31-23.41.48:786][975]LogActorFactory: Actor Factory created Sphere
[2020.01.31-23.42.31:625][752]LogSlate: FSceneViewport::OnFocusLost() reason 0
[2020.01.31-23.42.31:776][767]LogActorFactory: Actor Factory created Cube
[2020.01.31-23.42.32:401][825]LogActorFactory: Actor Factory created Cube
[2020.01.31-23.42.56:848][558]LogSlate: FSceneViewport::OnFocusLost() reason 0
[2020.01.31-23.42.56:965][568]LogActorFactory: Actor Factory created Cube
[2020.01.31-23.42.57:871][650]LogActorFactory: Actor Factory created Cube
[2020.01.31-23.43.34:633][714]LogSlate: FSceneViewport::OnFocusLost() reason 0
[2020.01.31-23.43.34:744][724]LogActorFactory: Actor Factory created Cube
[2020.01.31-23.43.35:746][824]LogActorFactory: Actor Factory created Cube
[2020.01.31-23.44.02:755][771]LogEditorViewport: Clicking on Actor (LMB): StaticMeshActor (Cube5)
[2020.01.31-23.44.04:312][938]Cmd: TRANSACTION UNDO
[2020.01.31-23.44.04:312][938]LogEditorTransaction: Undo Move Actors
[2020.01.31-23.44.04:952][991]Cmd: EDIT COPY
[2020.01.31-23.44.05:153][ 13]Cmd: EDIT PASTE
[2020.01.31-23.44.39:372][717]LogSlate: FSceneViewport::OnFocusLost() reason 0
[2020.01.31-23.44.39:501][730]LogActorFactory: Actor Factory created Cube
[2020.01.31-23.44.40:121][789]LogActorFactory: Actor Factory created Cube
[2020.01.31-23.45.26:666][897]LogEditorViewport: Clicking on Actor (LMB): BP_Sky_Sphere_C (Sky Sphere)
[2020.01.31-23.46.12:675][ 32]LogSlate: FSceneViewport::OnFocusLost() reason 0
[2020.01.31-23.46.12:774][ 40]LogActorFactory: Actor Factory created Cube
[2020.01.31-23.46.13:618][121]LogActorFactory: Actor Factory created Cube
[2020.01.31-23.46.30:831][924]LogSlate: FSceneViewport::OnFocusLost() reason 0
[2020.01.31-23.46.38:285][680]Cmd: TRANSACTION UNDO
[2020.01.31-23.46.38:285][680]LogEditorTransaction: Undo Scale Actors
[2020.01.31-23.46.41:778][998]LogEditorViewport: Clicking on Actor (LMB): StaticMeshActor (Floor)
[2020.01.31-23.46.41:979][ 13]Cmd: TRANSACTION UNDO
[2020.01.31-23.46.41:979][ 13]LogEditorTransaction: Undo Clicking on Actors
[2020.01.31-23.46.42:504][ 48]Cmd: TRANSACTION UNDO
[2020.01.31-23.46.42:504][ 48]LogEditorTransaction: Undo Scale Actors
[2020.01.31-23.46.45:363][345]LogSlate: FSceneViewport::OnFocusLost() reason 0
[2020.01.31-23.46.51:526][ 25]Cmd: TRANSACTION UNDO
[2020.01.31-23.46.51:527][ 25]LogEditorTransaction: Undo Set Scale
[2020.01.31-23.46.51:794][ 46]Cmd: TRANSACTION UNDO
[2020.01.31-23.46.51:794][ 46]LogEditorTransaction: Undo Set Scale
[2020.01.31-23.46.52:090][ 69]Cmd: TRANSACTION UNDO
[2020.01.31-23.46.52:090][ 69]LogEditorTransaction: Undo Clicking on Actors
[2020.01.31-23.46.52:500][102]Cmd: TRANSACTION UNDO
[2020.01.31-23.46.52:500][102]LogEditorTransaction: Undo Clicking on Actors
[2020.01.31-23.46.52:888][137]Cmd: TRANSACTION UNDO
[2020.01.31-23.46.52:888][137]LogEditorTransaction: Undo Clicking on Actors
[2020.01.31-23.47.16:726][758]LogSlate: FSceneViewport::OnFocusLost() reason 0
[2020.01.31-23.47.16:837][768]LogActorFactory: Actor Factory created Cube
[2020.01.31-23.47.17:743][860]LogActorFactory: Actor Factory created Cube
[2020.01.31-23.47.37:457][959]Cmd: DELETE
[2020.01.31-23.47.37:457][959]Cmd: ACTOR DELETE
[2020.01.31-23.47.37:460][959]LogEditorActor: Deleted Actor: StaticMeshActor
[2020.01.31-23.47.37:560][959]LogUObjectHash: Compacting FUObjectHashTables data took   2.54ms
[2020.01.31-23.47.37:560][959]LogEditorActor: Deleted 1 Actors (0.102 secs)
[2020.01.31-23.47.43:362][632]LogSlate: FSceneViewport::OnFocusLost() reason 0
[2020.01.31-23.47.43:458][641]LogActorFactory: Actor Factory created Cube
[2020.01.31-23.47.44:663][783]LogActorFactory: Actor Factory created Cube
[2020.01.31-23.47.48:256][106]LogSlate: FSceneViewport::OnFocusLost() reason 0
[2020.01.31-23.48.03:404][537]LogEditorSessionSummary: EditorSessionSummary sent report. Type=Shutdown, SessionId={B9A435F3-4332-DA75-D2F7-6092AA0F2218}
[2020.01.31-23.48.06:154][803]LogEditorViewport: Clicking on Actor (LMB): BP_Sky_Sphere_C (Sky Sphere)
[2020.01.31-23.48.06:890][879]LogEditorViewport: Clicking on Actor (LMB): StaticMeshActor (Cube9)
[2020.01.31-23.48.37:059][  9]LogSlate: FSceneViewport::OnFocusLost() reason 0
[2020.01.31-23.48.45:181][786]LogSlate: FSceneViewport::OnFocusLost() reason 0
[2020.01.31-23.49.26:670][126]LogSlate: FSceneViewport::OnFocusLost() reason 0
[2020.01.31-23.49.26:799][137]LogActorFactory: Actor Factory created Cube
[2020.01.31-23.49.27:695][209]LogActorFactory: Actor Factory created Cube
[2020.01.31-23.49.58:313][511]LogSlate: FSceneViewport::OnFocusLost() reason 0
[2020.01.31-23.50.35:994][526]LogSlate: Window 'Save Level As' being destroyed
[2020.01.31-23.50.36:492][526]LogUObjectHash: Compacting FUObjectHashTables data took   2.77ms
[2020.01.31-23.50.36:494][526]Cmd: OBJ SAVEPACKAGE PACKAGE="/Game/Maps/BlockOut" FILE="G:/JustForMe/Grappling Hook/MyProject/Content/Maps/BlockOut.umap" SILENT=true AUTOSAVING=false KEEPDIRTY=false
[2020.01.31-23.50.36:606][526]LogUObjectHash: Compacting FUObjectHashTables data took   1.72ms
[2020.01.31-23.50.36:776][526]LogSavePackage: Moving 'G:/JustForMe/Grappling Hook/MyProject/Saved/BlockOutB0FD635D425794768EE6578C8633DF19.tmp' to 'G:/JustForMe/Grappling Hook/MyProject/Content/Maps/BlockOut.umap'
[2020.01.31-23.50.36:853][526]Cmd: OBJ SAVEPACKAGE PACKAGE="/Game/Maps/BlockOut_BuiltData" FILE="G:/JustForMe/Grappling Hook/MyProject/Content/Maps/BlockOut_BuiltData.uasset" SILENT=true
[2020.01.31-23.50.36:920][526]LogSavePackage: Moving 'G:/JustForMe/Grappling Hook/MyProject/Saved/BlockOut_BuiltDataE55DFFC14F17CD29C8712A93B27DA864.tmp' to 'G:/JustForMe/Grappling Hook/MyProject/Content/Maps/BlockOut_BuiltData.uasset'
[2020.01.31-23.50.36:939][526]LogFileHelpers: Saving map 'BlockOut' took 0.936
[2020.01.31-23.50.42:218][  8]LogAIModule: Creating AISystem for world TestMap
[2020.01.31-23.50.42:227][  8]LogAssetEditorManager: Opening Asset editor for World /Game/TestMap.TestMap
[2020.01.31-23.50.42:302][  8]LogUObjectHash: Compacting FUObjectHashTables data took   2.76ms
[2020.01.31-23.50.42:304][  8]Cmd: MAP LOAD FILE="G:/JustForMe/Grappling Hook/MyProject/Content/TestMap.umap" TEMPLATE=0 SHOWPROGRESS=1 FEATURELEVEL=3
[2020.01.31-23.50.42:304][  8]LightingResults: New page: Lighting Build
[2020.01.31-23.50.42:305][  8]LoadErrors: New page: Loading map: TestMap.umap
[2020.01.31-23.50.42:305][  8]LogWorld: UWorld::CleanupWorld for BlockOut, bSessionEnded=true, bCleanupResources=true
[2020.01.31-23.50.42:305][  8]MapCheck: New page: Map Check
[2020.01.31-23.50.42:306][  8]LightingResults: New page: Lighting Build
[2020.01.31-23.50.42:405][  8]LogUObjectHash: Compacting FUObjectHashTables data took   2.63ms
[2020.01.31-23.50.42:427][  8]LogEditorServer: Finished looking for orphan Actors (0.000 secs)
[2020.01.31-23.50.42:538][  8]LogUObjectHash: Compacting FUObjectHashTables data took   2.27ms
[2020.01.31-23.50.42:577][  8]Cmd: MAP CHECKDEP NOCLEARLOG
[2020.01.31-23.50.42:577][  8]MapCheck: Map check complete: 0 Error(s), 0 Warning(s), took 0.106ms to complete.
[2020.01.31-23.50.42:577][  8]LogFileHelpers: Loading map 'TestMap' took 0.276
[2020.01.31-23.50.44:150][183]LogTemp: Repeating last play command: Selected Viewport
[2020.01.31-23.50.44:174][183]LogBlueprintUserMessages: Early PlayInEditor Detection: Level '/Game/TestMap.TestMap:PersistentLevel' has LevelScriptBlueprint '/Game/TestMap.TestMap:PersistentLevel.TestMap' with GeneratedClass '/Game/TestMap.TestMap_C' with ClassGeneratedBy '/Game/TestMap.TestMap:PersistentLevel.TestMap'
[2020.01.31-23.50.44:174][183]LogPlayLevel: PlayLevel: No blueprints needed recompiling
[2020.01.31-23.50.44:175][183]PIE: New page: PIE session: TestMap (Jan 31, 2020, 1:50:44 PM)
[2020.01.31-23.50.44:176][183]LogOnline: OSS: Creating online subsystem instance for: NULL
[2020.01.31-23.50.44:179][183]LogPlayLevel: Creating play world package: /Game/UEDPIE_0_TestMap
[2020.01.31-23.50.44:184][183]LogPlayLevel: PIE: StaticDuplicateObject took: (0.004805s)
[2020.01.31-23.50.44:185][183]LogAIModule: Creating AISystem for world TestMap
[2020.01.31-23.50.44:186][183]LogPlayLevel: PIE: World Init took: (0.001818s)
[2020.01.31-23.50.44:186][183]LogPlayLevel: PIE: Created PIE world by copying editor world from /Game/TestMap.TestMap to /Game/UEDPIE_0_TestMap.TestMap (0.006897s)
[2020.01.31-23.50.44:296][183]LogUObjectHash: Compacting FUObjectHashTables data took   2.05ms
[2020.01.31-23.50.44:316][183]LogInit: XAudio2 using 'HP S340c (NVIDIA High Definition Audio)' : 2 channels at 48 kHz using 16 bits per sample (channel mask 0x3)
[2020.01.31-23.50.44:338][183]LogInit: FAudioDevice initialized.
[2020.01.31-23.50.44:353][183]LogLoad: Game class is 'FirstPersonGameMode_C'
[2020.01.31-23.50.44:356][183]LogWorld: Bringing World /Game/UEDPIE_0_TestMap.TestMap up for play (max tick rate 0) at 2020.01.31-18.50.44
[2020.01.31-23.50.44:356][183]LogWorld: Bringing up level for play took: 0.000882
[2020.01.31-23.50.44:356][183]LogOnline: OSS: Creating online subsystem instance for: :Context_4
[2020.01.31-23.50.44:376][183]LogContentBrowser: Native class hierarchy updated for 'MovieSceneCapture' in 0.0004 seconds. Added 20 classes and 0 folders.
[2020.01.31-23.50.44:378][183]PIE: Play in editor start time for /Game/UEDPIE_0_TestMap 0.076
[2020.01.31-23.50.44:378][183]LogBlueprintUserMessages: Late PlayInEditor Detection: Level '/Game/TestMap.TestMap:PersistentLevel' has LevelScriptBlueprint '/Game/TestMap.TestMap:PersistentLevel.TestMap' with GeneratedClass '/Game/TestMap.TestMap_C' with ClassGeneratedBy '/Game/TestMap.TestMap:PersistentLevel.TestMap'
[2020.01.31-23.50.55:356][491]LogBlueprintUserMessages: Early EndPlayMap Detection: Level '/Game/TestMap.TestMap:PersistentLevel' has LevelScriptBlueprint '/Game/TestMap.TestMap:PersistentLevel.TestMap' with GeneratedClass '/Game/TestMap.TestMap_C' with ClassGeneratedBy '/Game/TestMap.TestMap:PersistentLevel.TestMap'
[2020.01.31-23.50.55:358][491]LogSlate: Updating window title bar state: overlay mode, drag disabled, window buttons hidden, title bar hidden
[2020.01.31-23.50.55:358][491]LogWorld: BeginTearingDown for /Game/UEDPIE_0_TestMap
[2020.01.31-23.50.55:358][491]LogWorld: UWorld::CleanupWorld for TestMap, bSessionEnded=true, bCleanupResources=true
[2020.01.31-23.50.55:370][491]LogPlayLevel: Display: Shutting down PIE online subsystems
[2020.01.31-23.50.55:370][491]LogBlueprintUserMessages: Late EndPlayMap Detection: Level '/Game/TestMap.TestMap:PersistentLevel' has LevelScriptBlueprint '/Game/TestMap.TestMap:PersistentLevel.TestMap' with GeneratedClass '/Game/TestMap.TestMap_C' with ClassGeneratedBy '/Game/TestMap.TestMap:PersistentLevel.TestMap'
[2020.01.31-23.50.55:461][491]LogSlate: Updating window title bar state: overlay mode, drag disabled, window buttons hidden, title bar hidden
[2020.01.31-23.50.55:464][491]LogUObjectHash: Compacting FUObjectHashTables data took   2.28ms
[2020.01.31-23.50.55:494][492]LogPlayLevel: Display: Destroying online subsystem :Context_4
[2020.01.31-23.50.57:620][742]LogSlate: FSceneViewport::OnFocusLost() reason 0
[2020.01.31-23.50.58:342][828]LogRenderer: Reallocating scene render targets to support 2172x816 Format 10 NumSamples 1 (Frame:504).
[2020.01.31-23.50.58:381][829]LogRenderer: Reallocating scene render targets to support 2172x844 Format 10 NumSamples 1 (Frame:506).
[2020.01.31-23.50.58:427][830]LogRenderer: Reallocating scene render targets to support 2172x916 Format 10 NumSamples 1 (Frame:508).
[2020.01.31-23.50.58:473][831]LogRenderer: Reallocating scene render targets to support 2172x980 Format 10 NumSamples 1 (Frame:510).
[2020.01.31-23.50.58:513][832]LogRenderer: Reallocating scene render targets to support 2172x1024 Format 10 NumSamples 1 (Frame:512).
[2020.01.31-23.50.58:554][833]LogRenderer: Reallocating scene render targets to support 2172x1052 Format 10 NumSamples 1 (Frame:514).
[2020.01.31-23.50.58:598][834]LogRenderer: Reallocating scene render targets to support 2172x1084 Format 10 NumSamples 1 (Frame:516).
[2020.01.31-23.50.58:639][835]LogRenderer: Reallocating scene render targets to support 2172x1100 Format 10 NumSamples 1 (Frame:518).
[2020.01.31-23.50.58:684][836]LogRenderer: Reallocating scene render targets to support 2172x1116 Format 10 NumSamples 1 (Frame:520).
[2020.01.31-23.50.58:726][837]LogRenderer: Reallocating scene render targets to support 2172x1132 Format 10 NumSamples 1 (Frame:522).
[2020.01.31-23.50.58:771][838]LogRenderer: Reallocating scene render targets to support 2172x1152 Format 10 NumSamples 1 (Frame:524).
[2020.01.31-23.50.58:923][853]LogRenderer: Reallocating scene render targets to support 2172x1164 Format 10 NumSamples 1 (Frame:540).
[2020.01.31-23.50.58:968][854]LogRenderer: Reallocating scene render targets to support 2172x1172 Format 10 NumSamples 1 (Frame:542).
[2020.01.31-23.50.59:009][855]LogRenderer: Reallocating scene render targets to support 2172x1192 Format 10 NumSamples 1 (Frame:544).
[2020.01.31-23.51.00:146][987]LogTemp: Repeating last play command: Selected Viewport
[2020.01.31-23.51.00:167][987]LogBlueprintUserMessages: Early PlayInEditor Detection: Level '/Game/TestMap.TestMap:PersistentLevel' has LevelScriptBlueprint '/Game/TestMap.TestMap:PersistentLevel.TestMap' with GeneratedClass '/Game/TestMap.TestMap_C' with ClassGeneratedBy '/Game/TestMap.TestMap:PersistentLevel.TestMap'
[2020.01.31-23.51.00:167][987]LogPlayLevel: PlayLevel: No blueprints needed recompiling
[2020.01.31-23.51.00:167][987]PIE: New page: PIE session: TestMap (Jan 31, 2020, 1:51:00 PM)
[2020.01.31-23.51.00:167][987]LogPlayLevel: Creating play world package: /Game/UEDPIE_0_TestMap
[2020.01.31-23.51.00:171][987]LogPlayLevel: PIE: StaticDuplicateObject took: (0.004047s)
[2020.01.31-23.51.00:173][987]LogAIModule: Creating AISystem for world TestMap
[2020.01.31-23.51.00:173][987]LogPlayLevel: PIE: World Init took: (0.001827s)
[2020.01.31-23.51.00:173][987]LogPlayLevel: PIE: Created PIE world by copying editor world from /Game/TestMap.TestMap to /Game/UEDPIE_0_TestMap.TestMap (0.006000s)
[2020.01.31-23.51.00:285][987]LogUObjectHash: Compacting FUObjectHashTables data took   1.98ms
[2020.01.31-23.51.00:304][987]LogInit: XAudio2 using 'HP S340c (NVIDIA High Definition Audio)' : 2 channels at 48 kHz using 16 bits per sample (channel mask 0x3)
[2020.01.31-23.51.00:322][987]LogInit: FAudioDevice initialized.
[2020.01.31-23.51.00:335][987]LogLoad: Game class is 'FirstPersonGameMode_C'
[2020.01.31-23.51.00:336][987]LogWorld: Bringing World /Game/UEDPIE_0_TestMap.TestMap up for play (max tick rate 0) at 2020.01.31-18.51.00
[2020.01.31-23.51.00:336][987]LogWorld: Bringing up level for play took: 0.000796
[2020.01.31-23.51.00:337][987]LogOnline: OSS: Creating online subsystem instance for: :Context_5
[2020.01.31-23.51.00:340][987]PIE: Play in editor start time for /Game/UEDPIE_0_TestMap 0.038
[2020.01.31-23.51.00:340][987]LogBlueprintUserMessages: Late PlayInEditor Detection: Level '/Game/TestMap.TestMap:PersistentLevel' has LevelScriptBlueprint '/Game/TestMap.TestMap:PersistentLevel.TestMap' with GeneratedClass '/Game/TestMap.TestMap_C' with ClassGeneratedBy '/Game/TestMap.TestMap:PersistentLevel.TestMap'
[2020.01.31-23.51.17:257][ 10]LogBlueprintUserMessages: Early EndPlayMap Detection: Level '/Game/TestMap.TestMap:PersistentLevel' has LevelScriptBlueprint '/Game/TestMap.TestMap:PersistentLevel.TestMap' with GeneratedClass '/Game/TestMap.TestMap_C' with ClassGeneratedBy '/Game/TestMap.TestMap:PersistentLevel.TestMap'
[2020.01.31-23.51.17:257][ 10]LogSlate: Updating window title bar state: overlay mode, drag disabled, window buttons hidden, title bar hidden
[2020.01.31-23.51.17:257][ 10]LogWorld: BeginTearingDown for /Game/UEDPIE_0_TestMap
[2020.01.31-23.51.17:257][ 10]LogWorld: UWorld::CleanupWorld for TestMap, bSessionEnded=true, bCleanupResources=true
[2020.01.31-23.51.17:267][ 10]LogPlayLevel: Display: Shutting down PIE online subsystems
[2020.01.31-23.51.17:267][ 10]LogBlueprintUserMessages: Late EndPlayMap Detection: Level '/Game/TestMap.TestMap:PersistentLevel' has LevelScriptBlueprint '/Game/TestMap.TestMap:PersistentLevel.TestMap' with GeneratedClass '/Game/TestMap.TestMap_C' with ClassGeneratedBy '/Game/TestMap.TestMap:PersistentLevel.TestMap'
[2020.01.31-23.51.17:391][ 10]LogSlate: Updating window title bar state: overlay mode, drag disabled, window buttons hidden, title bar hidden
[2020.01.31-23.51.17:394][ 10]LogUObjectHash: Compacting FUObjectHashTables data took   2.04ms
[2020.01.31-23.51.17:428][ 11]LogPlayLevel: Display: Destroying online subsystem :Context_5
[2020.01.31-23.51.21:433][487]LogSlate: FSceneViewport::OnFocusLost() reason 0
[2020.01.31-23.51.31:912][612]LogAIModule: Creating AISystem for world BlockOut
[2020.01.31-23.51.31:919][612]LogAssetEditorManager: Opening Asset editor for World /Game/Maps/BlockOut.BlockOut
[2020.01.31-23.51.32:020][612]LogUObjectHash: Compacting FUObjectHashTables data took   1.95ms
[2020.01.31-23.51.32:022][612]Cmd: MAP LOAD FILE="G:/JustForMe/Grappling Hook/MyProject/Content/Maps/BlockOut.umap" TEMPLATE=0 SHOWPROGRESS=1 FEATURELEVEL=3
[2020.01.31-23.51.32:022][612]LightingResults: New page: Lighting Build
[2020.01.31-23.51.32:022][612]LoadErrors: New page: Loading map: BlockOut.umap
[2020.01.31-23.51.32:023][612]LogWorld: UWorld::CleanupWorld for TestMap, bSessionEnded=true, bCleanupResources=true
[2020.01.31-23.51.32:023][612]MapCheck: New page: Map Check
[2020.01.31-23.51.32:023][612]LightingResults: New page: Lighting Build
[2020.01.31-23.51.32:134][612]LogUObjectHash: Compacting FUObjectHashTables data took   2.81ms
[2020.01.31-23.51.32:139][612]LogEditorServer: Finished looking for orphan Actors (0.000 secs)
[2020.01.31-23.51.32:252][612]LogUObjectHash: Compacting FUObjectHashTables data took   2.28ms
[2020.01.31-23.51.32:289][612]Cmd: MAP CHECKDEP NOCLEARLOG
[2020.01.31-23.51.32:289][612]MapCheck: Map check complete: 0 Error(s), 0 Warning(s), took 0.1ms to complete.
[2020.01.31-23.51.32:289][612]LogFileHelpers: Loading map 'BlockOut' took 0.270
[2020.01.31-23.51.56:901][475]LogSlate: FSceneViewport::OnFocusLost() reason 0
[2020.01.31-23.51.57:038][488]LogActorFactory: Actor Factory created Cube
[2020.01.31-23.51.58:147][618]LogActorFactory: Actor Factory created Cube
[2020.01.31-23.52.02:248][ 26]LogSlate: FSceneViewport::OnFocusLost() reason 0
[2020.01.31-23.52.21:680][954]LogSlate: FSceneViewport::OnFocusLost() reason 0
[2020.01.31-23.52.21:790][962]LogActorFactory: Actor Factory created Cone
[2020.01.31-23.52.22:325][ 13]LogActorFactory: Actor Factory created Cone
[2020.01.31-23.52.23:657][137]LogSlate: FSceneViewport::OnFocusLost() reason 0
[2020.01.31-23.52.27:365][460]LogSlate: Took 0.004959 seconds to synchronously load lazily loaded font '../../../Engine/Content/Slate/Fonts/Roboto-Italic.ttf' (157K)
[2020.01.31-23.52.52:033][ 50]LogEditorViewport: Clicking on Actor (LMB): StaticMeshActor (Cube11)
[2020.01.31-23.54.44:540][119]LogSlate: FSceneViewport::OnFocusLost() reason 5
[2020.01.31-23.59.43:600][665]LogEditorViewport: Clicking on Actor (LMB): StaticMeshActor (Cube4)
[2020.01.31-23.59.56:668][ 75]LogEditorViewport: Clicking on Actor (LMB): StaticMeshActor (Cube10)
[2020.02.01-00.00.01:193][508]LogEditorViewport: Clicking on Actor (LMB): StaticMeshActor (Cone)
[2020.02.01-00.00.04:485][833]LogEditorViewport: Clicking on Actor (LMB): StaticMeshActor (Cube8)
[2020.02.01-00.00.05:047][862]LogEditorViewport: Clicking on Actor (LMB): StaticMeshActor (Floor)
[2020.02.01-00.00.05:408][892]LogEditorViewport: Clicking on Actor (LMB): StaticMeshActor (Cube)
[2020.02.01-00.00.06:220][977]LogEditorViewport: Clicking on Actor (LMB): StaticMeshActor (Cube4)
[2020.02.01-00.00.07:055][ 64]LogEditorViewport: Clicking on Actor (LMB): StaticMeshActor (Cube5)
[2020.02.01-00.00.07:759][130]LogEditorViewport: Clicking on Actor (LMB): StaticMeshActor (Cube7)
[2020.02.01-00.00.18:582][269]LogEditorViewport: Clicking on Actor (LMB): StaticMeshActor (Cube11)
[2020.02.01-00.01.34:783][ 24]LogSlate: FSceneViewport::OnFocusLost() reason 5
[2020.02.01-00.01.35:276][ 24]LogUObjectHash: Compacting FUObjectHashTables data took   2.75ms
[2020.02.01-00.01.35:278][ 24]Cmd: OBJ SAVEPACKAGE PACKAGE="/Game/Maps/BlockOut" FILE="G:/JustForMe/Grappling Hook/MyProject/Saved/Autosaves/Game/Maps/BlockOut_Auto1.umap" SILENT=true AUTOSAVING=true KEEPDIRTY=false
[2020.02.01-00.01.35:497][ 24]LogSavePackage: Moving 'G:/JustForMe/Grappling Hook/MyProject/Saved/BlockOut_Auto1EC6A62F74E22B329B0027C90B8490108.tmp' to 'G:/JustForMe/Grappling Hook/MyProject/Saved/Autosaves/Game/Maps/BlockOut_Auto1.umap'
[2020.02.01-00.01.35:505][ 24]LogFileHelpers: Editor autosave (incl. sublevels) for '/Game/Maps/BlockOut' took 0.346
[2020.02.01-00.01.35:505][ 24]LogFileHelpers: Editor autosave (incl. sublevels) for all levels took 0.346
[2020.02.01-00.02.01:727][ 51]LogEditorViewport: Clicking on Actor (LMB): StaticMeshActor (Cube9)
[2020.02.01-00.04.00:437][567]LogSlate: FSceneViewport::OnFocusLost() reason 0
[2020.02.01-00.06.18:050][219]LogEditorViewport: Clicking on Actor (context menu): StaticMeshActor (Cube9)
[2020.02.01-00.06.18:085][219]LogSlate: FSceneViewport::OnFocusLost() reason 5
[2020.02.01-00.06.25:066][986]LogEditorViewport: Clicking on Actor (LMB): StaticMeshActor (Cube11)
[2020.02.01-00.06.25:615][ 41]Cmd: DELETE
[2020.02.01-00.06.25:615][ 41]Cmd: ACTOR DELETE
[2020.02.01-00.06.25:617][ 41]LogEditorActor: Deleted Actor: StaticMeshActor
[2020.02.01-00.06.25:717][ 41]LogUObjectHash: Compacting FUObjectHashTables data took   3.02ms
[2020.02.01-00.06.25:717][ 41]LogEditorActor: Deleted 1 Actors (0.102 secs)
[2020.02.01-00.11.31:132][610]LogEditorViewport: Clicking on Actor (LMB): StaticMeshActor (Cube5)
[2020.02.01-00.11.38:296][410]Cmd: EDIT COPY
[2020.02.01-00.11.38:513][434]Cmd: EDIT PASTE
[2020.02.01-00.11.44:271][ 18]LogEditorViewport: Clicking on Actor (LMB): StaticMeshActor (Cube11)
[2020.02.01-00.11.46:321][209]LogEditorViewport: Clicking on Actor (LMB): StaticMeshActor (Cube12)
[2020.02.01-00.12.21:801][152]LogEditorViewport: Clicking on Actor (LMB): StaticMeshActor (Cube11)
